"2019-12-18 08:03:53 [restartedMain] INFO  c.e.javalab.Javalab3Sem2Application- Starting Javalab3Sem2Application on user-VAIO with PID 2548 (started by user in E:\Program Files\JavaLab\javalab6Sem2)
 ""2019-12-18 08:03:53 [restartedMain] INFO  c.e.javalab.Javalab3Sem2Application- No active profile set, falling back to default profiles: default
 ""2019-12-18 08:03:56 [restartedMain] INFO  o.s.b.d.restart.ChangeableUrls- The Class-Path manifest attribute in C:\Users\user\.m2\repository\com\oracle\ojdbc\oraclepki\19.3.0.0\oraclepki-19.3.0.0.jar referenced one or more files that do not exist: file:/C:/Users/user/.m2/repository/com/oracle/ojdbc/oraclepki/19.3.0.0/osdt_core.jar,file:/C:/Users/user/.m2/repository/com/oracle/ojdbc/oraclepki/19.3.0.0/osdt_cert.jar,file:/C:/Users/user/.m2/repository/com/oracle/ojdbc/oraclepki/oracle.osdt/osdt_core.jar,file:/C:/Users/user/.m2/repository/com/oracle/ojdbc/oraclepki/oracle.osdt/osdt_cert.jar
 ""2019-12-18 08:03:56 [restartedMain] INFO  o.s.b.d.restart.ChangeableUrls- The Class-Path manifest attribute in C:\Users\user\.m2\repository\org\glassfish\jaxb\jaxb-runtime\2.3.2\jaxb-runtime-2.3.2.jar referenced one or more files that do not exist: file:/C:/Users/user/.m2/repository/org/glassfish/jaxb/jaxb-runtime/2.3.2/jakarta.xml.bind-api-2.3.2.jar,file:/C:/Users/user/.m2/repository/org/glassfish/jaxb/jaxb-runtime/2.3.2/txw2-2.3.2.jar,file:/C:/Users/user/.m2/repository/org/glassfish/jaxb/jaxb-runtime/2.3.2/istack-commons-runtime-3.0.8.jar,file:/C:/Users/user/.m2/repository/org/glassfish/jaxb/jaxb-runtime/2.3.2/stax-ex-1.8.1.jar,file:/C:/Users/user/.m2/repository/org/glassfish/jaxb/jaxb-runtime/2.3.2/FastInfoset-1.2.16.jar,file:/C:/Users/user/.m2/repository/org/glassfish/jaxb/jaxb-runtime/2.3.2/jakarta.activation-api-1.2.1.jar
 ""2019-12-18 08:03:56 [restartedMain] INFO  o.s.b.d.e.DevToolsPropertyDefaultsPostProcessor- Devtools property defaults active! Set 'spring.devtools.add-properties' to 'false' to disable
 ""2019-12-18 08:03:56 [restartedMain] INFO  o.s.b.d.e.DevToolsPropertyDefaultsPostProcessor- For additional web related logging consider setting the 'logging.level.web' property to 'DEBUG'
 ""2019-12-18 08:04:16 [restartedMain] INFO  o.s.d.r.c.RepositoryConfigurationDelegate- Bootstrapping Spring Data repositories in DEFAULT mode.
 ""2019-12-18 08:04:18 [restartedMain] INFO  o.s.d.r.c.RepositoryConfigurationDelegate- Finished Spring Data repository scanning in 1815ms. Found 3 repository interfaces.
 ""2019-12-18 08:04:27 [restartedMain] INFO  o.s.c.s.PostProcessorRegistrationDelegate$BeanPostProcessorChecker- Bean 'org.springframework.transaction.annotation.ProxyTransactionManagementConfiguration' of type [org.springframework.transaction.annotation.ProxyTransactionManagementConfiguration] is not eligible for getting processed by all BeanPostProcessors (for example: not eligible for auto-proxying)
 ""2019-12-18 08:04:38 [restartedMain] INFO  o.s.b.w.e.tomcat.TomcatWebServer- Tomcat initialized with port(s): 8080 (http)
 ""2019-12-18 08:04:38 [restartedMain] INFO  o.a.catalina.core.StandardService- Starting service [Tomcat]
 ""2019-12-18 08:04:38 [restartedMain] INFO  o.a.catalina.core.StandardEngine- Starting Servlet engine: [Apache Tomcat/9.0.27]
 ""2019-12-18 08:04:39 [restartedMain] INFO  o.a.c.c.C.[Tomcat].[localhost].[/]- Initializing Spring embedded WebApplicationContext
 ""2019-12-18 08:04:40 [restartedMain] INFO  com.zaxxer.hikari.HikariDataSource- HikariPool-1 - Starting...
 ""2019-12-18 08:04:40 [restartedMain] WARN  c.z.hikari.util.DriverDataSource- Registered driver with driverClassName=oracle.jdbc.driver.OracleDriver was not found, trying direct instantiation.
 ""2019-12-18 08:04:42 [restartedMain] ERROR com.zaxxer.hikari.pool.HikariPool- HikariPool-1 - Exception during pool initialization.
 "java.sql.SQLRecoverableException: ORA-01033: ORACLE initialization or shutdown in progress

	at oracle.jdbc.driver.T4CTTIoer11.processError(T4CTTIoer11.java:494)
	at oracle.jdbc.driver.T4CTTIoer11.processError(T4CTTIoer11.java:441)
	at oracle.jdbc.driver.T4CTTIoer11.processError(T4CTTIoer11.java:436)
	at oracle.jdbc.driver.T4CTTIoauthenticate.processError(T4CTTIoauthenticate.java:546)
	at oracle.jdbc.driver.T4CTTIfun.receive(T4CTTIfun.java:623)
	at oracle.jdbc.driver.T4CTTIfun.doRPC(T4CTTIfun.java:252)
	at oracle.jdbc.driver.T4CTTIoauthenticate.doOSESSKEY(T4CTTIoauthenticate.java:519)
	at oracle.jdbc.driver.T4CConnection.logon(T4CConnection.java:615)
	at oracle.jdbc.driver.PhysicalConnection.connect(PhysicalConnection.java:688)
	at oracle.jdbc.driver.T4CDriverExtension.getConnection(T4CDriverExtension.java:39)
	at oracle.jdbc.driver.OracleDriver.connect(OracleDriver.java:691)
	at com.zaxxer.hikari.util.DriverDataSource.getConnection(DriverDataSource.java:138)
	at com.zaxxer.hikari.pool.PoolBase.newConnection(PoolBase.java:353)
	at com.zaxxer.hikari.pool.PoolBase.newPoolEntry(PoolBase.java:201)
	at com.zaxxer.hikari.pool.HikariPool.createPoolEntry(HikariPool.java:473)
	at com.zaxxer.hikari.pool.HikariPool.checkFailFast(HikariPool.java:562)
	at com.zaxxer.hikari.pool.HikariPool.<init>(HikariPool.java:115)
	at com.zaxxer.hikari.HikariDataSource.getConnection(HikariDataSource.java:112)
	at org.springframework.boot.autoconfigure.h2.H2ConsoleAutoConfiguration.lambda$h2Console$0(H2ConsoleAutoConfiguration.java:73)
	at org.springframework.beans.factory.ObjectProvider.ifAvailable(ObjectProvider.java:93)
	at org.springframework.boot.autoconfigure.h2.H2ConsoleAutoConfiguration.h2Console(H2ConsoleAutoConfiguration.java:72)
	at java.base/jdk.internal.reflect.NativeMethodAccessorImpl.invoke0(Native Method)
	at java.base/jdk.internal.reflect.NativeMethodAccessorImpl.invoke(NativeMethodAccessorImpl.java:62)
	at java.base/jdk.internal.reflect.DelegatingMethodAccessorImpl.invoke(DelegatingMethodAccessorImpl.java:43)
	at java.base/java.lang.reflect.Method.invoke(Method.java:566)
	at org.springframework.beans.factory.support.SimpleInstantiationStrategy.instantiate(SimpleInstantiationStrategy.java:154)
	at org.springframework.beans.factory.support.ConstructorResolver.instantiate(ConstructorResolver.java:640)
	at org.springframework.beans.factory.support.ConstructorResolver.instantiateUsingFactoryMethod(ConstructorResolver.java:625)
	at org.springframework.beans.factory.support.AbstractAutowireCapableBeanFactory.instantiateUsingFactoryMethod(AbstractAutowireCapableBeanFactory.java:1338)
	at org.springframework.beans.factory.support.AbstractAutowireCapableBeanFactory.createBeanInstance(AbstractAutowireCapableBeanFactory.java:1177)
	at org.springframework.beans.factory.support.AbstractAutowireCapableBeanFactory.doCreateBean(AbstractAutowireCapableBeanFactory.java:557)
	at org.springframework.beans.factory.support.AbstractAutowireCapableBeanFactory.createBean(AbstractAutowireCapableBeanFactory.java:517)
	at org.springframework.beans.factory.support.AbstractBeanFactory.lambda$doGetBean$0(AbstractBeanFactory.java:323)
	at org.springframework.beans.factory.support.DefaultSingletonBeanRegistry.getSingleton(DefaultSingletonBeanRegistry.java:222)
	at org.springframework.beans.factory.support.AbstractBeanFactory.doGetBean(AbstractBeanFactory.java:321)
	at org.springframework.beans.factory.support.AbstractBeanFactory.getBean(AbstractBeanFactory.java:207)
	at org.springframework.boot.web.servlet.ServletContextInitializerBeans.getOrderedBeansOfType(ServletContextInitializerBeans.java:211)
	at org.springframework.boot.web.servlet.ServletContextInitializerBeans.getOrderedBeansOfType(ServletContextInitializerBeans.java:202)
	at org.springframework.boot.web.servlet.ServletContextInitializerBeans.addServletContextInitializerBeans(ServletContextInitializerBeans.java:96)
	at org.springframework.boot.web.servlet.ServletContextInitializerBeans.<init>(ServletContextInitializerBeans.java:85)
	at org.springframework.boot.web.servlet.context.ServletWebServerApplicationContext.getServletContextInitializerBeans(ServletWebServerApplicationContext.java:253)
	at org.springframework.boot.web.servlet.context.ServletWebServerApplicationContext.selfInitialize(ServletWebServerApplicationContext.java:227)
	at org.springframework.boot.web.embedded.tomcat.TomcatStarter.onStartup(TomcatStarter.java:53)
	at org.apache.catalina.core.StandardContext.startInternal(StandardContext.java:5135)
	at org.apache.catalina.util.LifecycleBase.start(LifecycleBase.java:183)
	at org.apache.catalina.core.ContainerBase$StartChild.call(ContainerBase.java:1384)
	at org.apache.catalina.core.ContainerBase$StartChild.call(ContainerBase.java:1374)
	at java.base/java.util.concurrent.FutureTask.run(FutureTask.java:264)
	at org.apache.tomcat.util.threads.InlineExecutorService.execute(InlineExecutorService.java:75)
	at java.base/java.util.concurrent.AbstractExecutorService.submit(AbstractExecutorService.java:140)
	at org.apache.catalina.core.ContainerBase.startInternal(ContainerBase.java:909)
	at org.apache.catalina.core.StandardHost.startInternal(StandardHost.java:841)
	at org.apache.catalina.util.LifecycleBase.start(LifecycleBase.java:183)
	at org.apache.catalina.core.ContainerBase$StartChild.call(ContainerBase.java:1384)
	at org.apache.catalina.core.ContainerBase$StartChild.call(ContainerBase.java:1374)
	at java.base/java.util.concurrent.FutureTask.run(FutureTask.java:264)
	at org.apache.tomcat.util.threads.InlineExecutorService.execute(InlineExecutorService.java:75)
	at java.base/java.util.concurrent.AbstractExecutorService.submit(AbstractExecutorService.java:140)
	at org.apache.catalina.core.ContainerBase.startInternal(ContainerBase.java:909)
	at org.apache.catalina.core.StandardEngine.startInternal(StandardEngine.java:262)
	at org.apache.catalina.util.LifecycleBase.start(LifecycleBase.java:183)
	at org.apache.catalina.core.StandardService.startInternal(StandardService.java:421)
	at org.apache.catalina.util.LifecycleBase.start(LifecycleBase.java:183)
	at org.apache.catalina.core.StandardServer.startInternal(StandardServer.java:930)
	at org.apache.catalina.util.LifecycleBase.start(LifecycleBase.java:183)
	at org.apache.catalina.startup.Tomcat.start(Tomcat.java:459)
	at org.springframework.boot.web.embedded.tomcat.TomcatWebServer.initialize(TomcatWebServer.java:107)
	at org.springframework.boot.web.embedded.tomcat.TomcatWebServer.<init>(TomcatWebServer.java:88)
	at org.springframework.boot.web.embedded.tomcat.TomcatServletWebServerFactory.getTomcatWebServer(TomcatServletWebServerFactory.java:438)
	at org.springframework.boot.web.embedded.tomcat.TomcatServletWebServerFactory.getWebServer(TomcatServletWebServerFactory.java:191)
	at org.springframework.boot.web.servlet.context.ServletWebServerApplicationContext.createWebServer(ServletWebServerApplicationContext.java:180)
	at org.springframework.boot.web.servlet.context.ServletWebServerApplicationContext.onRefresh(ServletWebServerApplicationContext.java:153)
	at org.springframework.context.support.AbstractApplicationContext.refresh(AbstractApplicationContext.java:544)
	at org.springframework.boot.web.servlet.context.ServletWebServerApplicationContext.refresh(ServletWebServerApplicationContext.java:141)
	at org.springframework.boot.SpringApplication.refresh(SpringApplication.java:747)
	at org.springframework.boot.SpringApplication.refreshContext(SpringApplication.java:397)
	at org.springframework.boot.SpringApplication.run(SpringApplication.java:315)
	at org.springframework.boot.SpringApplication.run(SpringApplication.java:1226)
	at org.springframework.boot.SpringApplication.run(SpringApplication.java:1215)
	at com.example.javalab.Javalab3Sem2Application.main(Javalab3Sem2Application.java:27)
	at java.base/jdk.internal.reflect.NativeMethodAccessorImpl.invoke0(Native Method)
	at java.base/jdk.internal.reflect.NativeMethodAccessorImpl.invoke(NativeMethodAccessorImpl.java:62)
	at java.base/jdk.internal.reflect.DelegatingMethodAccessorImpl.invoke(DelegatingMethodAccessorImpl.java:43)
	at java.base/java.lang.reflect.Method.invoke(Method.java:566)
	at org.springframework.boot.devtools.restart.RestartLauncher.run(RestartLauncher.java:49)
"2019-12-18 08:04:45 [restartedMain] INFO  o.h.jpa.internal.util.LogHelper- HHH000204: Processing PersistenceUnitInfo [name: default]
 ""2019-12-18 08:04:46 [restartedMain] INFO  org.hibernate.Version- HHH000412: Hibernate Core {5.4.6.Final}
 ""2019-12-18 08:04:47 [restartedMain] INFO  o.h.annotations.common.Version- HCANN000001: Hibernate Commons Annotations {5.1.0.Final}
 ""2019-12-18 08:04:47 [restartedMain] INFO  com.zaxxer.hikari.HikariDataSource- HikariPool-1 - Starting...
 ""2019-12-18 08:04:47 [restartedMain] WARN  c.z.hikari.util.DriverDataSource- Registered driver with driverClassName=oracle.jdbc.driver.OracleDriver was not found, trying direct instantiation.
 ""2019-12-18 08:04:47 [restartedMain] ERROR com.zaxxer.hikari.pool.HikariPool- HikariPool-1 - Exception during pool initialization.
 "java.sql.SQLRecoverableException: ORA-01033: ORACLE initialization or shutdown in progress

	at oracle.jdbc.driver.T4CTTIoer11.processError(T4CTTIoer11.java:494)
	at oracle.jdbc.driver.T4CTTIoer11.processError(T4CTTIoer11.java:441)
	at oracle.jdbc.driver.T4CTTIoer11.processError(T4CTTIoer11.java:436)
	at oracle.jdbc.driver.T4CTTIoauthenticate.processError(T4CTTIoauthenticate.java:546)
	at oracle.jdbc.driver.T4CTTIfun.receive(T4CTTIfun.java:623)
	at oracle.jdbc.driver.T4CTTIfun.doRPC(T4CTTIfun.java:252)
	at oracle.jdbc.driver.T4CTTIoauthenticate.doOSESSKEY(T4CTTIoauthenticate.java:519)
	at oracle.jdbc.driver.T4CConnection.logon(T4CConnection.java:615)
	at oracle.jdbc.driver.PhysicalConnection.connect(PhysicalConnection.java:688)
	at oracle.jdbc.driver.T4CDriverExtension.getConnection(T4CDriverExtension.java:39)
	at oracle.jdbc.driver.OracleDriver.connect(OracleDriver.java:691)
	at com.zaxxer.hikari.util.DriverDataSource.getConnection(DriverDataSource.java:138)
	at com.zaxxer.hikari.pool.PoolBase.newConnection(PoolBase.java:353)
	at com.zaxxer.hikari.pool.PoolBase.newPoolEntry(PoolBase.java:201)
	at com.zaxxer.hikari.pool.HikariPool.createPoolEntry(HikariPool.java:473)
	at com.zaxxer.hikari.pool.HikariPool.checkFailFast(HikariPool.java:562)
	at com.zaxxer.hikari.pool.HikariPool.<init>(HikariPool.java:115)
	at com.zaxxer.hikari.HikariDataSource.getConnection(HikariDataSource.java:112)
	at org.hibernate.engine.jdbc.connections.internal.DatasourceConnectionProviderImpl.getConnection(DatasourceConnectionProviderImpl.java:122)
	at org.hibernate.engine.jdbc.env.internal.JdbcEnvironmentInitiator$ConnectionProviderJdbcConnectionAccess.obtainConnection(JdbcEnvironmentInitiator.java:180)
	at org.hibernate.engine.jdbc.env.internal.JdbcEnvironmentInitiator.initiateService(JdbcEnvironmentInitiator.java:68)
	at org.hibernate.engine.jdbc.env.internal.JdbcEnvironmentInitiator.initiateService(JdbcEnvironmentInitiator.java:35)
	at org.hibernate.boot.registry.internal.StandardServiceRegistryImpl.initiateService(StandardServiceRegistryImpl.java:101)
	at org.hibernate.service.internal.AbstractServiceRegistryImpl.createService(AbstractServiceRegistryImpl.java:263)
	at org.hibernate.service.internal.AbstractServiceRegistryImpl.initializeService(AbstractServiceRegistryImpl.java:237)
	at org.hibernate.service.internal.AbstractServiceRegistryImpl.getService(AbstractServiceRegistryImpl.java:214)
	at org.hibernate.id.factory.internal.DefaultIdentifierGeneratorFactory.injectServices(DefaultIdentifierGeneratorFactory.java:152)
	at org.hibernate.service.internal.AbstractServiceRegistryImpl.injectDependencies(AbstractServiceRegistryImpl.java:286)
	at org.hibernate.service.internal.AbstractServiceRegistryImpl.initializeService(AbstractServiceRegistryImpl.java:243)
	at org.hibernate.service.internal.AbstractServiceRegistryImpl.getService(AbstractServiceRegistryImpl.java:214)
	at org.hibernate.boot.internal.InFlightMetadataCollectorImpl.<init>(InFlightMetadataCollectorImpl.java:175)
	at org.hibernate.boot.model.process.spi.MetadataBuildingProcess.complete(MetadataBuildingProcess.java:118)
	at org.hibernate.jpa.boot.internal.EntityManagerFactoryBuilderImpl.metadata(EntityManagerFactoryBuilderImpl.java:900)
	at org.hibernate.jpa.boot.internal.EntityManagerFactoryBuilderImpl.build(EntityManagerFactoryBuilderImpl.java:931)
	at org.springframework.orm.jpa.vendor.SpringHibernateJpaPersistenceProvider.createContainerEntityManagerFactory(SpringHibernateJpaPersistenceProvider.java:58)
	at org.springframework.orm.jpa.LocalContainerEntityManagerFactoryBean.createNativeEntityManagerFactory(LocalContainerEntityManagerFactoryBean.java:365)
	at org.springframework.orm.jpa.AbstractEntityManagerFactoryBean.buildNativeEntityManagerFactory(AbstractEntityManagerFactoryBean.java:391)
	at org.springframework.orm.jpa.AbstractEntityManagerFactoryBean.afterPropertiesSet(AbstractEntityManagerFactoryBean.java:378)
	at org.springframework.orm.jpa.LocalContainerEntityManagerFactoryBean.afterPropertiesSet(LocalContainerEntityManagerFactoryBean.java:341)
	at org.springframework.beans.factory.support.AbstractAutowireCapableBeanFactory.invokeInitMethods(AbstractAutowireCapableBeanFactory.java:1862)
	at org.springframework.beans.factory.support.AbstractAutowireCapableBeanFactory.initializeBean(AbstractAutowireCapableBeanFactory.java:1799)
	at org.springframework.beans.factory.support.AbstractAutowireCapableBeanFactory.doCreateBean(AbstractAutowireCapableBeanFactory.java:595)
	at org.springframework.beans.factory.support.AbstractAutowireCapableBeanFactory.createBean(AbstractAutowireCapableBeanFactory.java:517)
	at org.springframework.beans.factory.support.AbstractBeanFactory.lambda$doGetBean$0(AbstractBeanFactory.java:323)
	at org.springframework.beans.factory.support.DefaultSingletonBeanRegistry.getSingleton(DefaultSingletonBeanRegistry.java:222)
	at org.springframework.beans.factory.support.AbstractBeanFactory.doGetBean(AbstractBeanFactory.java:321)
	at org.springframework.beans.factory.support.AbstractBeanFactory.getBean(AbstractBeanFactory.java:202)
	at org.springframework.context.support.AbstractApplicationContext.getBean(AbstractApplicationContext.java:1108)
	at org.springframework.context.support.AbstractApplicationContext.finishBeanFactoryInitialization(AbstractApplicationContext.java:868)
	at org.springframework.context.support.AbstractApplicationContext.refresh(AbstractApplicationContext.java:550)
	at org.springframework.boot.web.servlet.context.ServletWebServerApplicationContext.refresh(ServletWebServerApplicationContext.java:141)
	at org.springframework.boot.SpringApplication.refresh(SpringApplication.java:747)
	at org.springframework.boot.SpringApplication.refreshContext(SpringApplication.java:397)
	at org.springframework.boot.SpringApplication.run(SpringApplication.java:315)
	at org.springframework.boot.SpringApplication.run(SpringApplication.java:1226)
	at org.springframework.boot.SpringApplication.run(SpringApplication.java:1215)
	at com.example.javalab.Javalab3Sem2Application.main(Javalab3Sem2Application.java:27)
	at java.base/jdk.internal.reflect.NativeMethodAccessorImpl.invoke0(Native Method)
	at java.base/jdk.internal.reflect.NativeMethodAccessorImpl.invoke(NativeMethodAccessorImpl.java:62)
	at java.base/jdk.internal.reflect.DelegatingMethodAccessorImpl.invoke(DelegatingMethodAccessorImpl.java:43)
	at java.base/java.lang.reflect.Method.invoke(Method.java:566)
	at org.springframework.boot.devtools.restart.RestartLauncher.run(RestartLauncher.java:49)
"2019-12-18 08:04:47 [restartedMain] WARN  o.h.e.j.e.i.JdbcEnvironmentInitiator- HHH000342: Could not obtain connection to query metadata : ORA-01033: ORACLE initialization or shutdown in progress

 ""2019-12-18 08:04:47 [restartedMain] WARN  o.s.b.w.s.c.AnnotationConfigServletWebServerApplicationContext- Exception encountered during context initialization - cancelling refresh attempt: org.springframework.beans.factory.BeanCreationException: Error creating bean with name 'entityManagerFactory' defined in class path resource [org/springframework/boot/autoconfigure/orm/jpa/HibernateJpaConfiguration.class]: Invocation of init method failed; nested exception is org.hibernate.service.spi.ServiceException: Unable to create requested service [org.hibernate.engine.jdbc.env.spi.JdbcEnvironment]
 ""2019-12-18 08:04:47 [restartedMain] INFO  o.a.catalina.core.StandardService- Stopping service [Tomcat]
 ""2019-12-18 08:04:47 [restartedMain] WARN  o.a.c.loader.WebappClassLoaderBase- The web application [ROOT] appears to have started a thread named [Timer-0] but has failed to stop it. This is very likely to create a memory leak. Stack trace of thread:
 java.base@11.0.2/java.lang.Object.wait(Native Method)
 java.base@11.0.2/java.lang.Object.wait(Object.java:328)
 java.base@11.0.2/java.util.TimerThread.mainLoop(Timer.java:527)
 java.base@11.0.2/java.util.TimerThread.run(Timer.java:506)
 ""2019-12-18 08:04:47 [restartedMain] WARN  o.a.c.loader.WebappClassLoaderBase- The web application [ROOT] appears to have started a thread named [oracle.jdbc.driver.BlockSource.ThreadedCachingBlockSource.BlockReleaser] but has failed to stop it. This is very likely to create a memory leak. Stack trace of thread:
 java.base@11.0.2/java.lang.Object.wait(Native Method)
 app//oracle.jdbc.driver.BlockSource$ThreadedCachingBlockSource$BlockReleaser.run(BlockSource.java:329)
 ""2019-12-18 08:04:47 [restartedMain] WARN  o.a.c.loader.WebappClassLoaderBase- The web application [ROOT] appears to have started a thread named [InterruptTimer] but has failed to stop it. This is very likely to create a memory leak. Stack trace of thread:
 java.base@11.0.2/java.lang.Object.wait(Native Method)
 java.base@11.0.2/java.util.TimerThread.mainLoop(Timer.java:553)
 java.base@11.0.2/java.util.TimerThread.run(Timer.java:506)
 ""2019-12-18 08:04:47 [restartedMain] INFO  o.s.b.a.l.ConditionEvaluationReportLoggingListener- 

Error starting ApplicationContext. To display the conditions report re-run your application with 'debug' enabled.
 ""2019-12-18 08:04:47 [restartedMain] ERROR o.s.boot.SpringApplication- Application run failed
 "org.springframework.beans.factory.BeanCreationException: Error creating bean with name 'entityManagerFactory' defined in class path resource [org/springframework/boot/autoconfigure/orm/jpa/HibernateJpaConfiguration.class]: Invocation of init method failed; nested exception is org.hibernate.service.spi.ServiceException: Unable to create requested service [org.hibernate.engine.jdbc.env.spi.JdbcEnvironment]
	at org.springframework.beans.factory.support.AbstractAutowireCapableBeanFactory.initializeBean(AbstractAutowireCapableBeanFactory.java:1803)
	at org.springframework.beans.factory.support.AbstractAutowireCapableBeanFactory.doCreateBean(AbstractAutowireCapableBeanFactory.java:595)
	at org.springframework.beans.factory.support.AbstractAutowireCapableBeanFactory.createBean(AbstractAutowireCapableBeanFactory.java:517)
	at org.springframework.beans.factory.support.AbstractBeanFactory.lambda$doGetBean$0(AbstractBeanFactory.java:323)
	at org.springframework.beans.factory.support.DefaultSingletonBeanRegistry.getSingleton(DefaultSingletonBeanRegistry.java:222)
	at org.springframework.beans.factory.support.AbstractBeanFactory.doGetBean(AbstractBeanFactory.java:321)
	at org.springframework.beans.factory.support.AbstractBeanFactory.getBean(AbstractBeanFactory.java:202)
	at org.springframework.context.support.AbstractApplicationContext.getBean(AbstractApplicationContext.java:1108)
	at org.springframework.context.support.AbstractApplicationContext.finishBeanFactoryInitialization(AbstractApplicationContext.java:868)
	at org.springframework.context.support.AbstractApplicationContext.refresh(AbstractApplicationContext.java:550)
	at org.springframework.boot.web.servlet.context.ServletWebServerApplicationContext.refresh(ServletWebServerApplicationContext.java:141)
	at org.springframework.boot.SpringApplication.refresh(SpringApplication.java:747)
	at org.springframework.boot.SpringApplication.refreshContext(SpringApplication.java:397)
	at org.springframework.boot.SpringApplication.run(SpringApplication.java:315)
	at org.springframework.boot.SpringApplication.run(SpringApplication.java:1226)
	at org.springframework.boot.SpringApplication.run(SpringApplication.java:1215)
	at com.example.javalab.Javalab3Sem2Application.main(Javalab3Sem2Application.java:27)
	at java.base/jdk.internal.reflect.NativeMethodAccessorImpl.invoke0(Native Method)
	at java.base/jdk.internal.reflect.NativeMethodAccessorImpl.invoke(NativeMethodAccessorImpl.java:62)
	at java.base/jdk.internal.reflect.DelegatingMethodAccessorImpl.invoke(DelegatingMethodAccessorImpl.java:43)
	at java.base/java.lang.reflect.Method.invoke(Method.java:566)
	at org.springframework.boot.devtools.restart.RestartLauncher.run(RestartLauncher.java:49)
Caused by: org.hibernate.service.spi.ServiceException: Unable to create requested service [org.hibernate.engine.jdbc.env.spi.JdbcEnvironment]
	at org.hibernate.service.internal.AbstractServiceRegistryImpl.createService(AbstractServiceRegistryImpl.java:275)
	at org.hibernate.service.internal.AbstractServiceRegistryImpl.initializeService(AbstractServiceRegistryImpl.java:237)
	at org.hibernate.service.internal.AbstractServiceRegistryImpl.getService(AbstractServiceRegistryImpl.java:214)
	at org.hibernate.id.factory.internal.DefaultIdentifierGeneratorFactory.injectServices(DefaultIdentifierGeneratorFactory.java:152)
	at org.hibernate.service.internal.AbstractServiceRegistryImpl.injectDependencies(AbstractServiceRegistryImpl.java:286)
	at org.hibernate.service.internal.AbstractServiceRegistryImpl.initializeService(AbstractServiceRegistryImpl.java:243)
	at org.hibernate.service.internal.AbstractServiceRegistryImpl.getService(AbstractServiceRegistryImpl.java:214)
	at org.hibernate.boot.internal.InFlightMetadataCollectorImpl.<init>(InFlightMetadataCollectorImpl.java:175)
	at org.hibernate.boot.model.process.spi.MetadataBuildingProcess.complete(MetadataBuildingProcess.java:118)
	at org.hibernate.jpa.boot.internal.EntityManagerFactoryBuilderImpl.metadata(EntityManagerFactoryBuilderImpl.java:900)
	at org.hibernate.jpa.boot.internal.EntityManagerFactoryBuilderImpl.build(EntityManagerFactoryBuilderImpl.java:931)
	at org.springframework.orm.jpa.vendor.SpringHibernateJpaPersistenceProvider.createContainerEntityManagerFactory(SpringHibernateJpaPersistenceProvider.java:58)
	at org.springframework.orm.jpa.LocalContainerEntityManagerFactoryBean.createNativeEntityManagerFactory(LocalContainerEntityManagerFactoryBean.java:365)
	at org.springframework.orm.jpa.AbstractEntityManagerFactoryBean.buildNativeEntityManagerFactory(AbstractEntityManagerFactoryBean.java:391)
	at org.springframework.orm.jpa.AbstractEntityManagerFactoryBean.afterPropertiesSet(AbstractEntityManagerFactoryBean.java:378)
	at org.springframework.orm.jpa.LocalContainerEntityManagerFactoryBean.afterPropertiesSet(LocalContainerEntityManagerFactoryBean.java:341)
	at org.springframework.beans.factory.support.AbstractAutowireCapableBeanFactory.invokeInitMethods(AbstractAutowireCapableBeanFactory.java:1862)
	at org.springframework.beans.factory.support.AbstractAutowireCapableBeanFactory.initializeBean(AbstractAutowireCapableBeanFactory.java:1799)
	... 21 common frames omitted
Caused by: org.hibernate.HibernateException: Access to DialectResolutionInfo cannot be null when 'hibernate.dialect' not set
	at org.hibernate.engine.jdbc.dialect.internal.DialectFactoryImpl.determineDialect(DialectFactoryImpl.java:100)
	at org.hibernate.engine.jdbc.dialect.internal.DialectFactoryImpl.buildDialect(DialectFactoryImpl.java:54)
	at org.hibernate.engine.jdbc.env.internal.JdbcEnvironmentInitiator.initiateService(JdbcEnvironmentInitiator.java:137)
	at org.hibernate.engine.jdbc.env.internal.JdbcEnvironmentInitiator.initiateService(JdbcEnvironmentInitiator.java:35)
	at org.hibernate.boot.registry.internal.StandardServiceRegistryImpl.initiateService(StandardServiceRegistryImpl.java:101)
	at org.hibernate.service.internal.AbstractServiceRegistryImpl.createService(AbstractServiceRegistryImpl.java:263)
	... 38 common frames omitted
"2019-12-18 08:09:48 [restartedMain] INFO  c.e.javalab.Javalab3Sem2Application- Starting Javalab3Sem2Application on user-VAIO with PID 6540 (started by user in E:\Program Files\JavaLab\javalab6Sem2)
 ""2019-12-18 08:09:48 [restartedMain] INFO  c.e.javalab.Javalab3Sem2Application- No active profile set, falling back to default profiles: default
 ""2019-12-18 08:09:49 [restartedMain] INFO  o.s.b.d.restart.ChangeableUrls- The Class-Path manifest attribute in C:\Users\user\.m2\repository\com\oracle\ojdbc\oraclepki\19.3.0.0\oraclepki-19.3.0.0.jar referenced one or more files that do not exist: file:/C:/Users/user/.m2/repository/com/oracle/ojdbc/oraclepki/19.3.0.0/osdt_core.jar,file:/C:/Users/user/.m2/repository/com/oracle/ojdbc/oraclepki/19.3.0.0/osdt_cert.jar,file:/C:/Users/user/.m2/repository/com/oracle/ojdbc/oraclepki/oracle.osdt/osdt_core.jar,file:/C:/Users/user/.m2/repository/com/oracle/ojdbc/oraclepki/oracle.osdt/osdt_cert.jar
 ""2019-12-18 08:09:49 [restartedMain] INFO  o.s.b.d.restart.ChangeableUrls- The Class-Path manifest attribute in C:\Users\user\.m2\repository\org\glassfish\jaxb\jaxb-runtime\2.3.2\jaxb-runtime-2.3.2.jar referenced one or more files that do not exist: file:/C:/Users/user/.m2/repository/org/glassfish/jaxb/jaxb-runtime/2.3.2/jakarta.xml.bind-api-2.3.2.jar,file:/C:/Users/user/.m2/repository/org/glassfish/jaxb/jaxb-runtime/2.3.2/txw2-2.3.2.jar,file:/C:/Users/user/.m2/repository/org/glassfish/jaxb/jaxb-runtime/2.3.2/istack-commons-runtime-3.0.8.jar,file:/C:/Users/user/.m2/repository/org/glassfish/jaxb/jaxb-runtime/2.3.2/stax-ex-1.8.1.jar,file:/C:/Users/user/.m2/repository/org/glassfish/jaxb/jaxb-runtime/2.3.2/FastInfoset-1.2.16.jar,file:/C:/Users/user/.m2/repository/org/glassfish/jaxb/jaxb-runtime/2.3.2/jakarta.activation-api-1.2.1.jar
 ""2019-12-18 08:09:49 [restartedMain] INFO  o.s.b.d.e.DevToolsPropertyDefaultsPostProcessor- Devtools property defaults active! Set 'spring.devtools.add-properties' to 'false' to disable
 ""2019-12-18 08:09:49 [restartedMain] INFO  o.s.b.d.e.DevToolsPropertyDefaultsPostProcessor- For additional web related logging consider setting the 'logging.level.web' property to 'DEBUG'
 ""2019-12-18 08:09:53 [restartedMain] INFO  o.s.d.r.c.RepositoryConfigurationDelegate- Bootstrapping Spring Data repositories in DEFAULT mode.
 ""2019-12-18 08:09:54 [restartedMain] INFO  o.s.d.r.c.RepositoryConfigurationDelegate- Finished Spring Data repository scanning in 679ms. Found 3 repository interfaces.
 ""2019-12-18 08:09:55 [restartedMain] INFO  o.s.c.s.PostProcessorRegistrationDelegate$BeanPostProcessorChecker- Bean 'org.springframework.transaction.annotation.ProxyTransactionManagementConfiguration' of type [org.springframework.transaction.annotation.ProxyTransactionManagementConfiguration] is not eligible for getting processed by all BeanPostProcessors (for example: not eligible for auto-proxying)
 ""2019-12-18 08:09:57 [restartedMain] INFO  o.s.b.w.e.tomcat.TomcatWebServer- Tomcat initialized with port(s): 8080 (http)
 ""2019-12-18 08:09:57 [restartedMain] INFO  o.a.catalina.core.StandardService- Starting service [Tomcat]
 ""2019-12-18 08:09:57 [restartedMain] INFO  o.a.catalina.core.StandardEngine- Starting Servlet engine: [Apache Tomcat/9.0.27]
 ""2019-12-18 08:09:57 [restartedMain] INFO  o.a.c.c.C.[Tomcat].[localhost].[/]- Initializing Spring embedded WebApplicationContext
 ""2019-12-18 08:09:58 [restartedMain] INFO  com.zaxxer.hikari.HikariDataSource- HikariPool-1 - Starting...
 ""2019-12-18 08:09:58 [restartedMain] WARN  c.z.hikari.util.DriverDataSource- Registered driver with driverClassName=oracle.jdbc.driver.OracleDriver was not found, trying direct instantiation.
 ""2019-12-18 08:10:00 [restartedMain] INFO  com.zaxxer.hikari.HikariDataSource- HikariPool-1 - Start completed.
 ""2019-12-18 08:10:00 [restartedMain] INFO  o.s.b.a.h.H2ConsoleAutoConfiguration- H2 console available at '/h2-console'. Database available at 'jdbc:oracle:thin:@//localhost:1521/KVO_PDB'
 ""2019-12-18 08:10:01 [restartedMain] INFO  o.h.jpa.internal.util.LogHelper- HHH000204: Processing PersistenceUnitInfo [name: default]
 ""2019-12-18 08:10:01 [restartedMain] INFO  org.hibernate.Version- HHH000412: Hibernate Core {5.4.6.Final}
 ""2019-12-18 08:10:02 [restartedMain] INFO  o.h.annotations.common.Version- HCANN000001: Hibernate Commons Annotations {5.1.0.Final}
 ""2019-12-18 08:10:03 [restartedMain] INFO  org.hibernate.dialect.Dialect- HHH000400: Using dialect: org.hibernate.dialect.Oracle12cDialect
 ""2019-12-18 08:10:39 [restartedMain] INFO  o.h.e.t.j.p.i.JtaPlatformInitiator- HHH000490: Using JtaPlatform implementation: [org.hibernate.engine.transaction.jta.platform.internal.NoJtaPlatform]
 ""2019-12-18 08:10:40 [restartedMain] INFO  o.s.o.j.LocalContainerEntityManagerFactoryBean- Initialized JPA EntityManagerFactory for persistence unit 'default'
 ""2019-12-18 08:10:40 [restartedMain] INFO  o.s.b.d.a.OptionalLiveReloadServer- LiveReload server is running on port 35729
 ""2019-12-18 08:10:42 [restartedMain] WARN  o.s.b.a.o.j.JpaBaseConfiguration$JpaWebConfiguration- spring.jpa.open-in-view is enabled by default. Therefore, database queries may be performed during view rendering. Explicitly configure spring.jpa.open-in-view to disable this warning
 ""2019-12-18 08:10:43 [restartedMain] WARN  o.t.templatemode.TemplateMode- [THYMELEAF][restartedMain] Template Mode 'HTML5' is deprecated. Using Template Mode 'HTML' instead.
 ""2019-12-18 08:10:44 [restartedMain] INFO  o.s.s.c.ThreadPoolTaskExecutor- Initializing ExecutorService 'applicationTaskExecutor'
 ""2019-12-18 08:10:53 [restartedMain] INFO  o.s.b.w.e.tomcat.TomcatWebServer- Tomcat started on port(s): 8080 (http) with context path ''
 ""2019-12-18 08:10:53 [restartedMain] INFO  c.e.javalab.Javalab3Sem2Application- Started Javalab3Sem2Application in 71.052 seconds (JVM running for 80.836)
 ""2019-12-18 08:11:04 [http-nio-8080-exec-1] INFO  o.a.c.c.C.[Tomcat].[localhost].[/]- Initializing Spring DispatcherServlet 'dispatcherServlet'
 ""2019-12-18 08:23:48 [restartedMain] INFO  c.e.javalab.Javalab3Sem2Application- Starting Javalab3Sem2Application on user-VAIO with PID 3264 (started by user in E:\Program Files\JavaLab\javalab6Sem2)
 ""2019-12-18 08:23:48 [restartedMain] INFO  c.e.javalab.Javalab3Sem2Application- No active profile set, falling back to default profiles: default
 ""2019-12-18 08:23:48 [restartedMain] INFO  o.s.b.d.restart.ChangeableUrls- The Class-Path manifest attribute in C:\Users\user\.m2\repository\com\oracle\ojdbc\oraclepki\19.3.0.0\oraclepki-19.3.0.0.jar referenced one or more files that do not exist: file:/C:/Users/user/.m2/repository/com/oracle/ojdbc/oraclepki/19.3.0.0/osdt_core.jar,file:/C:/Users/user/.m2/repository/com/oracle/ojdbc/oraclepki/19.3.0.0/osdt_cert.jar,file:/C:/Users/user/.m2/repository/com/oracle/ojdbc/oraclepki/oracle.osdt/osdt_core.jar,file:/C:/Users/user/.m2/repository/com/oracle/ojdbc/oraclepki/oracle.osdt/osdt_cert.jar
 ""2019-12-18 08:23:48 [restartedMain] INFO  o.s.b.d.restart.ChangeableUrls- The Class-Path manifest attribute in C:\Users\user\.m2\repository\org\glassfish\jaxb\jaxb-runtime\2.3.2\jaxb-runtime-2.3.2.jar referenced one or more files that do not exist: file:/C:/Users/user/.m2/repository/org/glassfish/jaxb/jaxb-runtime/2.3.2/jakarta.xml.bind-api-2.3.2.jar,file:/C:/Users/user/.m2/repository/org/glassfish/jaxb/jaxb-runtime/2.3.2/txw2-2.3.2.jar,file:/C:/Users/user/.m2/repository/org/glassfish/jaxb/jaxb-runtime/2.3.2/istack-commons-runtime-3.0.8.jar,file:/C:/Users/user/.m2/repository/org/glassfish/jaxb/jaxb-runtime/2.3.2/stax-ex-1.8.1.jar,file:/C:/Users/user/.m2/repository/org/glassfish/jaxb/jaxb-runtime/2.3.2/FastInfoset-1.2.16.jar,file:/C:/Users/user/.m2/repository/org/glassfish/jaxb/jaxb-runtime/2.3.2/jakarta.activation-api-1.2.1.jar
 ""2019-12-18 08:23:48 [restartedMain] INFO  o.s.b.d.e.DevToolsPropertyDefaultsPostProcessor- Devtools property defaults active! Set 'spring.devtools.add-properties' to 'false' to disable
 ""2019-12-18 08:23:48 [restartedMain] INFO  o.s.b.d.e.DevToolsPropertyDefaultsPostProcessor- For additional web related logging consider setting the 'logging.level.web' property to 'DEBUG'
 ""2019-12-18 08:23:50 [restartedMain] INFO  o.s.d.r.c.RepositoryConfigurationDelegate- Bootstrapping Spring Data repositories in DEFAULT mode.
 ""2019-12-18 08:23:51 [restartedMain] INFO  o.s.d.r.c.RepositoryConfigurationDelegate- Finished Spring Data repository scanning in 190ms. Found 3 repository interfaces.
 ""2019-12-18 08:23:51 [restartedMain] INFO  o.s.c.s.PostProcessorRegistrationDelegate$BeanPostProcessorChecker- Bean 'org.springframework.transaction.annotation.ProxyTransactionManagementConfiguration' of type [org.springframework.transaction.annotation.ProxyTransactionManagementConfiguration] is not eligible for getting processed by all BeanPostProcessors (for example: not eligible for auto-proxying)
 ""2019-12-18 08:23:52 [restartedMain] INFO  o.s.b.w.e.tomcat.TomcatWebServer- Tomcat initialized with port(s): 8080 (http)
 ""2019-12-18 08:23:52 [restartedMain] INFO  o.a.catalina.core.StandardService- Starting service [Tomcat]
 ""2019-12-18 08:23:52 [restartedMain] INFO  o.a.catalina.core.StandardEngine- Starting Servlet engine: [Apache Tomcat/9.0.27]
 ""2019-12-18 08:23:52 [restartedMain] INFO  o.a.c.c.C.[Tomcat].[localhost].[/]- Initializing Spring embedded WebApplicationContext
 ""2019-12-18 08:23:53 [restartedMain] INFO  com.zaxxer.hikari.HikariDataSource- HikariPool-1 - Starting...
 ""2019-12-18 08:23:53 [restartedMain] WARN  c.z.hikari.util.DriverDataSource- Registered driver with driverClassName=oracle.jdbc.driver.OracleDriver was not found, trying direct instantiation.
 ""2019-12-18 08:23:53 [restartedMain] INFO  com.zaxxer.hikari.HikariDataSource- HikariPool-1 - Start completed.
 ""2019-12-18 08:23:53 [restartedMain] INFO  o.s.b.a.h.H2ConsoleAutoConfiguration- H2 console available at '/h2-console'. Database available at 'jdbc:oracle:thin:@//localhost:1521/KVO_PDB'
 ""2019-12-18 08:23:54 [restartedMain] INFO  o.h.jpa.internal.util.LogHelper- HHH000204: Processing PersistenceUnitInfo [name: default]
 ""2019-12-18 08:23:54 [restartedMain] INFO  org.hibernate.Version- HHH000412: Hibernate Core {5.4.6.Final}
 ""2019-12-18 08:23:54 [restartedMain] INFO  o.h.annotations.common.Version- HCANN000001: Hibernate Commons Annotations {5.1.0.Final}
 ""2019-12-18 08:23:55 [restartedMain] INFO  org.hibernate.dialect.Dialect- HHH000400: Using dialect: org.hibernate.dialect.Oracle12cDialect
 ""2019-12-18 08:23:58 [restartedMain] INFO  o.h.e.t.j.p.i.JtaPlatformInitiator- HHH000490: Using JtaPlatform implementation: [org.hibernate.engine.transaction.jta.platform.internal.NoJtaPlatform]
 ""2019-12-18 08:23:58 [restartedMain] INFO  o.s.o.j.LocalContainerEntityManagerFactoryBean- Initialized JPA EntityManagerFactory for persistence unit 'default'
 ""2019-12-18 08:23:59 [restartedMain] INFO  o.s.b.d.a.OptionalLiveReloadServer- LiveReload server is running on port 35729
 ""2019-12-18 08:24:00 [restartedMain] WARN  o.s.b.a.o.j.JpaBaseConfiguration$JpaWebConfiguration- spring.jpa.open-in-view is enabled by default. Therefore, database queries may be performed during view rendering. Explicitly configure spring.jpa.open-in-view to disable this warning
 ""2019-12-18 08:24:01 [restartedMain] WARN  o.t.templatemode.TemplateMode- [THYMELEAF][restartedMain] Template Mode 'HTML5' is deprecated. Using Template Mode 'HTML' instead.
 ""2019-12-18 08:24:01 [restartedMain] INFO  o.s.s.c.ThreadPoolTaskExecutor- Initializing ExecutorService 'applicationTaskExecutor'
 ""2019-12-18 08:24:02 [restartedMain] INFO  o.s.b.w.e.tomcat.TomcatWebServer- Tomcat started on port(s): 8080 (http) with context path ''
 ""2019-12-18 08:24:02 [restartedMain] INFO  c.e.javalab.Javalab3Sem2Application- Started Javalab3Sem2Application in 17.305 seconds (JVM running for 27.479)
 ""2019-12-18 08:24:12 [http-nio-8080-exec-2] INFO  o.a.c.c.C.[Tomcat].[localhost].[/]- Initializing Spring DispatcherServlet 'dispatcherServlet'
 ""2019-12-18 08:43:39 [restartedMain] INFO  c.e.javalab.Javalab3Sem2Application- Starting Javalab3Sem2Application on user-VAIO with PID 7652 (started by user in E:\Program Files\JavaLab\javalab6Sem2)
 ""2019-12-18 08:43:39 [restartedMain] INFO  c.e.javalab.Javalab3Sem2Application- No active profile set, falling back to default profiles: default
 ""2019-12-18 08:43:40 [restartedMain] INFO  o.s.b.d.restart.ChangeableUrls- The Class-Path manifest attribute in C:\Users\user\.m2\repository\com\oracle\ojdbc\oraclepki\19.3.0.0\oraclepki-19.3.0.0.jar referenced one or more files that do not exist: file:/C:/Users/user/.m2/repository/com/oracle/ojdbc/oraclepki/19.3.0.0/osdt_core.jar,file:/C:/Users/user/.m2/repository/com/oracle/ojdbc/oraclepki/19.3.0.0/osdt_cert.jar,file:/C:/Users/user/.m2/repository/com/oracle/ojdbc/oraclepki/oracle.osdt/osdt_core.jar,file:/C:/Users/user/.m2/repository/com/oracle/ojdbc/oraclepki/oracle.osdt/osdt_cert.jar
 ""2019-12-18 08:43:40 [restartedMain] INFO  o.s.b.d.restart.ChangeableUrls- The Class-Path manifest attribute in C:\Users\user\.m2\repository\org\glassfish\jaxb\jaxb-runtime\2.3.2\jaxb-runtime-2.3.2.jar referenced one or more files that do not exist: file:/C:/Users/user/.m2/repository/org/glassfish/jaxb/jaxb-runtime/2.3.2/jakarta.xml.bind-api-2.3.2.jar,file:/C:/Users/user/.m2/repository/org/glassfish/jaxb/jaxb-runtime/2.3.2/txw2-2.3.2.jar,file:/C:/Users/user/.m2/repository/org/glassfish/jaxb/jaxb-runtime/2.3.2/istack-commons-runtime-3.0.8.jar,file:/C:/Users/user/.m2/repository/org/glassfish/jaxb/jaxb-runtime/2.3.2/stax-ex-1.8.1.jar,file:/C:/Users/user/.m2/repository/org/glassfish/jaxb/jaxb-runtime/2.3.2/FastInfoset-1.2.16.jar,file:/C:/Users/user/.m2/repository/org/glassfish/jaxb/jaxb-runtime/2.3.2/jakarta.activation-api-1.2.1.jar
 ""2019-12-18 08:43:40 [restartedMain] INFO  o.s.b.d.e.DevToolsPropertyDefaultsPostProcessor- Devtools property defaults active! Set 'spring.devtools.add-properties' to 'false' to disable
 ""2019-12-18 08:43:40 [restartedMain] INFO  o.s.b.d.e.DevToolsPropertyDefaultsPostProcessor- For additional web related logging consider setting the 'logging.level.web' property to 'DEBUG'
 ""2019-12-18 08:43:44 [restartedMain] INFO  o.s.d.r.c.RepositoryConfigurationDelegate- Bootstrapping Spring Data repositories in DEFAULT mode.
 ""2019-12-18 08:43:44 [restartedMain] INFO  o.s.d.r.c.RepositoryConfigurationDelegate- Finished Spring Data repository scanning in 151ms. Found 3 repository interfaces.
 ""2019-12-18 08:43:46 [restartedMain] INFO  o.s.c.s.PostProcessorRegistrationDelegate$BeanPostProcessorChecker- Bean 'org.springframework.transaction.annotation.ProxyTransactionManagementConfiguration' of type [org.springframework.transaction.annotation.ProxyTransactionManagementConfiguration] is not eligible for getting processed by all BeanPostProcessors (for example: not eligible for auto-proxying)
 ""2019-12-18 08:43:47 [restartedMain] INFO  o.s.b.w.e.tomcat.TomcatWebServer- Tomcat initialized with port(s): 8080 (http)
 ""2019-12-18 08:43:47 [restartedMain] INFO  o.a.catalina.core.StandardService- Starting service [Tomcat]
 ""2019-12-18 08:43:47 [restartedMain] INFO  o.a.catalina.core.StandardEngine- Starting Servlet engine: [Apache Tomcat/9.0.27]
 ""2019-12-18 08:43:47 [restartedMain] INFO  o.a.c.c.C.[Tomcat].[localhost].[/]- Initializing Spring embedded WebApplicationContext
 ""2019-12-18 08:43:48 [restartedMain] INFO  com.zaxxer.hikari.HikariDataSource- HikariPool-1 - Starting...
 ""2019-12-18 08:43:48 [restartedMain] WARN  c.z.hikari.util.DriverDataSource- Registered driver with driverClassName=oracle.jdbc.driver.OracleDriver was not found, trying direct instantiation.
 ""2019-12-18 08:43:52 [restartedMain] INFO  com.zaxxer.hikari.HikariDataSource- HikariPool-1 - Start completed.
 ""2019-12-18 08:43:52 [restartedMain] INFO  o.s.b.a.h.H2ConsoleAutoConfiguration- H2 console available at '/h2-console'. Database available at 'jdbc:oracle:thin:@//localhost:1521/KVO_PDB'
 ""2019-12-18 08:43:53 [restartedMain] INFO  o.h.jpa.internal.util.LogHelper- HHH000204: Processing PersistenceUnitInfo [name: default]
 ""2019-12-18 08:43:53 [restartedMain] INFO  org.hibernate.Version- HHH000412: Hibernate Core {5.4.6.Final}
 ""2019-12-18 08:43:54 [restartedMain] INFO  o.h.annotations.common.Version- HCANN000001: Hibernate Commons Annotations {5.1.0.Final}
 ""2019-12-18 08:43:54 [restartedMain] INFO  org.hibernate.dialect.Dialect- HHH000400: Using dialect: org.hibernate.dialect.Oracle12cDialect
 ""2019-12-18 08:44:02 [restartedMain] INFO  o.h.e.t.j.p.i.JtaPlatformInitiator- HHH000490: Using JtaPlatform implementation: [org.hibernate.engine.transaction.jta.platform.internal.NoJtaPlatform]
 ""2019-12-18 08:44:03 [restartedMain] INFO  o.s.o.j.LocalContainerEntityManagerFactoryBean- Initialized JPA EntityManagerFactory for persistence unit 'default'
 ""2019-12-18 08:44:03 [restartedMain] INFO  o.s.b.d.a.OptionalLiveReloadServer- LiveReload server is running on port 35729
 ""2019-12-18 08:44:05 [restartedMain] WARN  o.s.b.a.o.j.JpaBaseConfiguration$JpaWebConfiguration- spring.jpa.open-in-view is enabled by default. Therefore, database queries may be performed during view rendering. Explicitly configure spring.jpa.open-in-view to disable this warning
 ""2019-12-18 08:44:06 [restartedMain] WARN  o.t.templatemode.TemplateMode- [THYMELEAF][restartedMain] Template Mode 'HTML5' is deprecated. Using Template Mode 'HTML' instead.
 ""2019-12-18 08:44:07 [restartedMain] INFO  o.s.s.c.ThreadPoolTaskExecutor- Initializing ExecutorService 'applicationTaskExecutor'
 ""2019-12-18 08:44:11 [restartedMain] INFO  o.s.b.w.e.tomcat.TomcatWebServer- Tomcat started on port(s): 8080 (http) with context path ''
 ""2019-12-18 08:44:11 [restartedMain] INFO  c.e.javalab.Javalab3Sem2Application- Started Javalab3Sem2Application in 34.258 seconds (JVM running for 44.773)
 ""2019-12-18 08:45:16 [http-nio-8080-exec-2] INFO  o.a.c.c.C.[Tomcat].[localhost].[/]- Initializing Spring DispatcherServlet 'dispatcherServlet'
 ""2019-12-18 09:17:36 [restartedMain] INFO  c.e.javalab.Javalab3Sem2Application- Starting Javalab3Sem2Application on user-VAIO with PID 7476 (started by user in E:\Program Files\JavaLab\javalab6Sem2)
 ""2019-12-18 09:17:36 [restartedMain] INFO  c.e.javalab.Javalab3Sem2Application- No active profile set, falling back to default profiles: default
 ""2019-12-18 09:17:39 [restartedMain] INFO  o.s.b.d.restart.ChangeableUrls- The Class-Path manifest attribute in C:\Users\user\.m2\repository\com\oracle\ojdbc\oraclepki\19.3.0.0\oraclepki-19.3.0.0.jar referenced one or more files that do not exist: file:/C:/Users/user/.m2/repository/com/oracle/ojdbc/oraclepki/19.3.0.0/osdt_core.jar,file:/C:/Users/user/.m2/repository/com/oracle/ojdbc/oraclepki/19.3.0.0/osdt_cert.jar,file:/C:/Users/user/.m2/repository/com/oracle/ojdbc/oraclepki/oracle.osdt/osdt_core.jar,file:/C:/Users/user/.m2/repository/com/oracle/ojdbc/oraclepki/oracle.osdt/osdt_cert.jar
 ""2019-12-18 09:17:39 [restartedMain] INFO  o.s.b.d.restart.ChangeableUrls- The Class-Path manifest attribute in C:\Users\user\.m2\repository\org\glassfish\jaxb\jaxb-runtime\2.3.2\jaxb-runtime-2.3.2.jar referenced one or more files that do not exist: file:/C:/Users/user/.m2/repository/org/glassfish/jaxb/jaxb-runtime/2.3.2/jakarta.xml.bind-api-2.3.2.jar,file:/C:/Users/user/.m2/repository/org/glassfish/jaxb/jaxb-runtime/2.3.2/txw2-2.3.2.jar,file:/C:/Users/user/.m2/repository/org/glassfish/jaxb/jaxb-runtime/2.3.2/istack-commons-runtime-3.0.8.jar,file:/C:/Users/user/.m2/repository/org/glassfish/jaxb/jaxb-runtime/2.3.2/stax-ex-1.8.1.jar,file:/C:/Users/user/.m2/repository/org/glassfish/jaxb/jaxb-runtime/2.3.2/FastInfoset-1.2.16.jar,file:/C:/Users/user/.m2/repository/org/glassfish/jaxb/jaxb-runtime/2.3.2/jakarta.activation-api-1.2.1.jar
 ""2019-12-18 09:17:39 [restartedMain] INFO  o.s.b.d.e.DevToolsPropertyDefaultsPostProcessor- Devtools property defaults active! Set 'spring.devtools.add-properties' to 'false' to disable
 ""2019-12-18 09:17:39 [restartedMain] INFO  o.s.b.d.e.DevToolsPropertyDefaultsPostProcessor- For additional web related logging consider setting the 'logging.level.web' property to 'DEBUG'
 ""2019-12-18 09:17:46 [restartedMain] INFO  o.s.d.r.c.RepositoryConfigurationDelegate- Bootstrapping Spring Data repositories in DEFAULT mode.
 ""2019-12-18 09:17:47 [restartedMain] INFO  o.s.d.r.c.RepositoryConfigurationDelegate- Finished Spring Data repository scanning in 211ms. Found 3 repository interfaces.
 ""2019-12-18 09:17:49 [restartedMain] INFO  o.s.c.s.PostProcessorRegistrationDelegate$BeanPostProcessorChecker- Bean 'org.springframework.transaction.annotation.ProxyTransactionManagementConfiguration' of type [org.springframework.transaction.annotation.ProxyTransactionManagementConfiguration] is not eligible for getting processed by all BeanPostProcessors (for example: not eligible for auto-proxying)
 ""2019-12-18 09:17:50 [restartedMain] INFO  o.s.b.w.e.tomcat.TomcatWebServer- Tomcat initialized with port(s): 8080 (http)
 ""2019-12-18 09:17:50 [restartedMain] INFO  o.a.catalina.core.StandardService- Starting service [Tomcat]
 ""2019-12-18 09:17:50 [restartedMain] INFO  o.a.catalina.core.StandardEngine- Starting Servlet engine: [Apache Tomcat/9.0.27]
 ""2019-12-18 09:17:51 [restartedMain] INFO  o.a.c.c.C.[Tomcat].[localhost].[/]- Initializing Spring embedded WebApplicationContext
 ""2019-12-18 09:17:51 [restartedMain] INFO  com.zaxxer.hikari.HikariDataSource- HikariPool-1 - Starting...
 ""2019-12-18 09:17:51 [restartedMain] WARN  c.z.hikari.util.DriverDataSource- Registered driver with driverClassName=oracle.jdbc.driver.OracleDriver was not found, trying direct instantiation.
 ""2019-12-18 09:17:54 [restartedMain] INFO  com.zaxxer.hikari.HikariDataSource- HikariPool-1 - Start completed.
 ""2019-12-18 09:17:54 [restartedMain] INFO  o.s.b.a.h.H2ConsoleAutoConfiguration- H2 console available at '/h2-console'. Database available at 'jdbc:oracle:thin:@//localhost:1521/KVO_PDB'
 ""2019-12-18 09:17:55 [restartedMain] INFO  o.h.jpa.internal.util.LogHelper- HHH000204: Processing PersistenceUnitInfo [name: default]
 ""2019-12-18 09:17:56 [restartedMain] INFO  org.hibernate.Version- HHH000412: Hibernate Core {5.4.6.Final}
 ""2019-12-18 09:17:56 [restartedMain] INFO  o.h.annotations.common.Version- HCANN000001: Hibernate Commons Annotations {5.1.0.Final}
 ""2019-12-18 09:17:57 [restartedMain] INFO  org.hibernate.dialect.Dialect- HHH000400: Using dialect: org.hibernate.dialect.Oracle12cDialect
 ""2019-12-18 09:18:06 [restartedMain] INFO  o.h.e.t.j.p.i.JtaPlatformInitiator- HHH000490: Using JtaPlatform implementation: [org.hibernate.engine.transaction.jta.platform.internal.NoJtaPlatform]
 ""2019-12-18 09:18:06 [restartedMain] INFO  o.s.o.j.LocalContainerEntityManagerFactoryBean- Initialized JPA EntityManagerFactory for persistence unit 'default'
 ""2019-12-18 09:18:06 [restartedMain] INFO  o.s.b.d.a.OptionalLiveReloadServer- LiveReload server is running on port 35729
 ""2019-12-18 09:18:09 [restartedMain] WARN  o.s.b.a.o.j.JpaBaseConfiguration$JpaWebConfiguration- spring.jpa.open-in-view is enabled by default. Therefore, database queries may be performed during view rendering. Explicitly configure spring.jpa.open-in-view to disable this warning
 ""2019-12-18 09:18:10 [restartedMain] WARN  o.t.templatemode.TemplateMode- [THYMELEAF][restartedMain] Template Mode 'HTML5' is deprecated. Using Template Mode 'HTML' instead.
 ""2019-12-18 09:18:13 [restartedMain] INFO  o.s.s.c.ThreadPoolTaskExecutor- Initializing ExecutorService 'applicationTaskExecutor'
 ""2019-12-18 09:18:18 [restartedMain] INFO  o.s.b.w.e.tomcat.TomcatWebServer- Tomcat started on port(s): 8080 (http) with context path ''
 ""2019-12-18 09:18:18 [restartedMain] INFO  c.e.javalab.Javalab3Sem2Application- Started Javalab3Sem2Application in 59.61 seconds (JVM running for 67.747)
 ""2019-12-18 09:18:28 [http-nio-8080-exec-1] INFO  o.a.c.c.C.[Tomcat].[localhost].[/]- Initializing Spring DispatcherServlet 'dispatcherServlet'
 ""2019-12-18 09:25:43 [http-nio-8080-exec-3] INFO  com.example.javalab.AOP.LogAspect- before execution(void com.example.javalab.ViewController.DeleteWorker(long)), args=[3]
 ""2019-12-18 09:25:46 [http-nio-8080-exec-3] INFO  com.example.javalab.AOP.LogAspect- after execution(void com.example.javalab.ViewController.DeleteWorker(long))
 ""2019-12-18 09:28:19 [RMI TCP Accept-0] WARN  sun.rmi.transport.tcp- RMI TCP Accept-0: accept loop for ServerSocket[addr=0.0.0.0/0.0.0.0,localport=57132] throws
 "java.io.IOException: The server sockets created using the LocalRMIServerSocketFactory only accept connections from clients running on the host where the RMI remote objects have been exported.
	at jdk.management.agent/sun.management.jmxremote.LocalRMIServerSocketFactory$1.accept(LocalRMIServerSocketFactory.java:114)
	at java.rmi/sun.rmi.transport.tcp.TCPTransport$AcceptLoop.executeAcceptLoop(TCPTransport.java:394)
	at java.rmi/sun.rmi.transport.tcp.TCPTransport$AcceptLoop.run(TCPTransport.java:366)
	at java.base/java.lang.Thread.run(Thread.java:834)
"2019-12-18 09:28:19 [RMI TCP Accept-0] WARN  sun.rmi.transport.tcp- RMI TCP Accept-0: accept loop for ServerSocket[addr=0.0.0.0/0.0.0.0,localport=57132] throws
 "java.io.IOException: The server sockets created using the LocalRMIServerSocketFactory only accept connections from clients running on the host where the RMI remote objects have been exported.
	at jdk.management.agent/sun.management.jmxremote.LocalRMIServerSocketFactory$1.accept(LocalRMIServerSocketFactory.java:114)
	at java.rmi/sun.rmi.transport.tcp.TCPTransport$AcceptLoop.executeAcceptLoop(TCPTransport.java:394)
	at java.rmi/sun.rmi.transport.tcp.TCPTransport$AcceptLoop.run(TCPTransport.java:366)
	at java.base/java.lang.Thread.run(Thread.java:834)
"2019-12-18 09:28:20 [RMI TCP Accept-0] WARN  sun.rmi.transport.tcp- RMI TCP Accept-0: accept loop for ServerSocket[addr=0.0.0.0/0.0.0.0,localport=57132] throws
 "java.io.IOException: The server sockets created using the LocalRMIServerSocketFactory only accept connections from clients running on the host where the RMI remote objects have been exported.
	at jdk.management.agent/sun.management.jmxremote.LocalRMIServerSocketFactory$1.accept(LocalRMIServerSocketFactory.java:114)
	at java.rmi/sun.rmi.transport.tcp.TCPTransport$AcceptLoop.executeAcceptLoop(TCPTransport.java:394)
	at java.rmi/sun.rmi.transport.tcp.TCPTransport$AcceptLoop.run(TCPTransport.java:366)
	at java.base/java.lang.Thread.run(Thread.java:834)
"2019-12-18 09:28:22 [RMI TCP Accept-0] WARN  sun.rmi.transport.tcp- RMI TCP Accept-0: accept loop for ServerSocket[addr=0.0.0.0/0.0.0.0,localport=57132] throws
 "java.io.IOException: The server sockets created using the LocalRMIServerSocketFactory only accept connections from clients running on the host where the RMI remote objects have been exported.
	at jdk.management.agent/sun.management.jmxremote.LocalRMIServerSocketFactory$1.accept(LocalRMIServerSocketFactory.java:114)
	at java.rmi/sun.rmi.transport.tcp.TCPTransport$AcceptLoop.executeAcceptLoop(TCPTransport.java:394)
	at java.rmi/sun.rmi.transport.tcp.TCPTransport$AcceptLoop.run(TCPTransport.java:366)
	at java.base/java.lang.Thread.run(Thread.java:834)
"2019-12-18 09:28:26 [RMI TCP Accept-0] WARN  sun.rmi.transport.tcp- RMI TCP Accept-0: accept loop for ServerSocket[addr=0.0.0.0/0.0.0.0,localport=57132] throws
 "java.io.IOException: The server sockets created using the LocalRMIServerSocketFactory only accept connections from clients running on the host where the RMI remote objects have been exported.
	at jdk.management.agent/sun.management.jmxremote.LocalRMIServerSocketFactory$1.accept(LocalRMIServerSocketFactory.java:114)
	at java.rmi/sun.rmi.transport.tcp.TCPTransport$AcceptLoop.executeAcceptLoop(TCPTransport.java:394)
	at java.rmi/sun.rmi.transport.tcp.TCPTransport$AcceptLoop.run(TCPTransport.java:366)
	at java.base/java.lang.Thread.run(Thread.java:834)
"2019-12-18 09:28:34 [RMI TCP Accept-0] WARN  sun.rmi.transport.tcp- RMI TCP Accept-0: accept loop for ServerSocket[addr=0.0.0.0/0.0.0.0,localport=57132] throws
 "java.io.IOException: The server sockets created using the LocalRMIServerSocketFactory only accept connections from clients running on the host where the RMI remote objects have been exported.
	at jdk.management.agent/sun.management.jmxremote.LocalRMIServerSocketFactory$1.accept(LocalRMIServerSocketFactory.java:114)
	at java.rmi/sun.rmi.transport.tcp.TCPTransport$AcceptLoop.executeAcceptLoop(TCPTransport.java:394)
	at java.rmi/sun.rmi.transport.tcp.TCPTransport$AcceptLoop.run(TCPTransport.java:366)
	at java.base/java.lang.Thread.run(Thread.java:834)
"2019-12-18 09:28:50 [RMI TCP Accept-0] WARN  sun.rmi.transport.tcp- RMI TCP Accept-0: accept loop for ServerSocket[addr=0.0.0.0/0.0.0.0,localport=57132] throws
 "java.io.IOException: The server sockets created using the LocalRMIServerSocketFactory only accept connections from clients running on the host where the RMI remote objects have been exported.
	at jdk.management.agent/sun.management.jmxremote.LocalRMIServerSocketFactory$1.accept(LocalRMIServerSocketFactory.java:114)
	at java.rmi/sun.rmi.transport.tcp.TCPTransport$AcceptLoop.executeAcceptLoop(TCPTransport.java:394)
	at java.rmi/sun.rmi.transport.tcp.TCPTransport$AcceptLoop.run(TCPTransport.java:366)
	at java.base/java.lang.Thread.run(Thread.java:834)
"2019-12-18 09:29:23 [RMI TCP Accept-0] WARN  sun.rmi.transport.tcp- RMI TCP Accept-0: accept loop for ServerSocket[addr=0.0.0.0/0.0.0.0,localport=57132] throws
 "java.io.IOException: The server sockets created using the LocalRMIServerSocketFactory only accept connections from clients running on the host where the RMI remote objects have been exported.
	at jdk.management.agent/sun.management.jmxremote.LocalRMIServerSocketFactory$1.accept(LocalRMIServerSocketFactory.java:114)
	at java.rmi/sun.rmi.transport.tcp.TCPTransport$AcceptLoop.executeAcceptLoop(TCPTransport.java:394)
	at java.rmi/sun.rmi.transport.tcp.TCPTransport$AcceptLoop.run(TCPTransport.java:366)
	at java.base/java.lang.Thread.run(Thread.java:834)
"2019-12-18 09:30:27 [RMI TCP Accept-0] WARN  sun.rmi.transport.tcp- RMI TCP Accept-0: accept loop for ServerSocket[addr=0.0.0.0/0.0.0.0,localport=57132] throws
 "java.io.IOException: The server sockets created using the LocalRMIServerSocketFactory only accept connections from clients running on the host where the RMI remote objects have been exported.
	at jdk.management.agent/sun.management.jmxremote.LocalRMIServerSocketFactory$1.accept(LocalRMIServerSocketFactory.java:114)
	at java.rmi/sun.rmi.transport.tcp.TCPTransport$AcceptLoop.executeAcceptLoop(TCPTransport.java:394)
	at java.rmi/sun.rmi.transport.tcp.TCPTransport$AcceptLoop.run(TCPTransport.java:366)
	at java.base/java.lang.Thread.run(Thread.java:834)
"2019-12-18 09:32:35 [RMI TCP Accept-0] WARN  sun.rmi.transport.tcp- RMI TCP Accept-0: accept loop for ServerSocket[addr=0.0.0.0/0.0.0.0,localport=57132] throws
 "java.io.IOException: The server sockets created using the LocalRMIServerSocketFactory only accept connections from clients running on the host where the RMI remote objects have been exported.
	at jdk.management.agent/sun.management.jmxremote.LocalRMIServerSocketFactory$1.accept(LocalRMIServerSocketFactory.java:114)
	at java.rmi/sun.rmi.transport.tcp.TCPTransport$AcceptLoop.executeAcceptLoop(TCPTransport.java:394)
	at java.rmi/sun.rmi.transport.tcp.TCPTransport$AcceptLoop.run(TCPTransport.java:366)
	at java.base/java.lang.Thread.run(Thread.java:834)
"2019-12-18 11:31:56 [HikariPool-1 housekeeper] WARN  com.zaxxer.hikari.pool.HikariPool- HikariPool-1 - Thread starvation or clock leap detected (housekeeper delta=1h56m31s20ms709s693ns).
 ""2019-12-18 12:00:48 [restartedMain] INFO  c.e.javalab.Javalab3Sem2Application- Starting Javalab3Sem2Application on user-VAIO with PID 7068 (started by user in E:\Program Files\JavaLab\javalab6Sem2)
 ""2019-12-18 12:00:48 [restartedMain] INFO  c.e.javalab.Javalab3Sem2Application- No active profile set, falling back to default profiles: default
 ""2019-12-18 12:00:48 [restartedMain] INFO  o.s.b.d.restart.ChangeableUrls- The Class-Path manifest attribute in C:\Users\user\.m2\repository\com\oracle\ojdbc\oraclepki\19.3.0.0\oraclepki-19.3.0.0.jar referenced one or more files that do not exist: file:/C:/Users/user/.m2/repository/com/oracle/ojdbc/oraclepki/19.3.0.0/osdt_core.jar,file:/C:/Users/user/.m2/repository/com/oracle/ojdbc/oraclepki/19.3.0.0/osdt_cert.jar,file:/C:/Users/user/.m2/repository/com/oracle/ojdbc/oraclepki/oracle.osdt/osdt_core.jar,file:/C:/Users/user/.m2/repository/com/oracle/ojdbc/oraclepki/oracle.osdt/osdt_cert.jar
 ""2019-12-18 12:00:48 [restartedMain] INFO  o.s.b.d.restart.ChangeableUrls- The Class-Path manifest attribute in C:\Users\user\.m2\repository\org\glassfish\jaxb\jaxb-runtime\2.3.2\jaxb-runtime-2.3.2.jar referenced one or more files that do not exist: file:/C:/Users/user/.m2/repository/org/glassfish/jaxb/jaxb-runtime/2.3.2/jakarta.xml.bind-api-2.3.2.jar,file:/C:/Users/user/.m2/repository/org/glassfish/jaxb/jaxb-runtime/2.3.2/txw2-2.3.2.jar,file:/C:/Users/user/.m2/repository/org/glassfish/jaxb/jaxb-runtime/2.3.2/istack-commons-runtime-3.0.8.jar,file:/C:/Users/user/.m2/repository/org/glassfish/jaxb/jaxb-runtime/2.3.2/stax-ex-1.8.1.jar,file:/C:/Users/user/.m2/repository/org/glassfish/jaxb/jaxb-runtime/2.3.2/FastInfoset-1.2.16.jar,file:/C:/Users/user/.m2/repository/org/glassfish/jaxb/jaxb-runtime/2.3.2/jakarta.activation-api-1.2.1.jar
 ""2019-12-18 12:00:48 [restartedMain] INFO  o.s.b.d.e.DevToolsPropertyDefaultsPostProcessor- Devtools property defaults active! Set 'spring.devtools.add-properties' to 'false' to disable
 ""2019-12-18 12:00:48 [restartedMain] INFO  o.s.b.d.e.DevToolsPropertyDefaultsPostProcessor- For additional web related logging consider setting the 'logging.level.web' property to 'DEBUG'
 ""2019-12-18 12:00:50 [restartedMain] INFO  o.s.d.r.c.RepositoryConfigurationDelegate- Bootstrapping Spring Data repositories in DEFAULT mode.
 ""2019-12-18 12:00:50 [restartedMain] INFO  o.s.d.r.c.RepositoryConfigurationDelegate- Finished Spring Data repository scanning in 93ms. Found 3 repository interfaces.
 ""2019-12-18 12:00:51 [restartedMain] INFO  o.s.c.s.PostProcessorRegistrationDelegate$BeanPostProcessorChecker- Bean 'org.springframework.transaction.annotation.ProxyTransactionManagementConfiguration' of type [org.springframework.transaction.annotation.ProxyTransactionManagementConfiguration] is not eligible for getting processed by all BeanPostProcessors (for example: not eligible for auto-proxying)
 ""2019-12-18 12:00:51 [restartedMain] INFO  o.s.b.w.e.tomcat.TomcatWebServer- Tomcat initialized with port(s): 8080 (http)
 ""2019-12-18 12:00:51 [restartedMain] INFO  o.a.catalina.core.StandardService- Starting service [Tomcat]
 ""2019-12-18 12:00:51 [restartedMain] INFO  o.a.catalina.core.StandardEngine- Starting Servlet engine: [Apache Tomcat/9.0.27]
 ""2019-12-18 12:00:52 [restartedMain] INFO  o.a.c.c.C.[Tomcat].[localhost].[/]- Initializing Spring embedded WebApplicationContext
 ""2019-12-18 12:00:52 [restartedMain] INFO  com.zaxxer.hikari.HikariDataSource- HikariPool-1 - Starting...
 ""2019-12-18 12:00:52 [restartedMain] WARN  c.z.hikari.util.DriverDataSource- Registered driver with driverClassName=oracle.jdbc.driver.OracleDriver was not found, trying direct instantiation.
 ""2019-12-18 12:00:52 [restartedMain] INFO  com.zaxxer.hikari.HikariDataSource- HikariPool-1 - Start completed.
 ""2019-12-18 12:00:52 [restartedMain] INFO  o.s.b.a.h.H2ConsoleAutoConfiguration- H2 console available at '/h2-console'. Database available at 'jdbc:oracle:thin:@//localhost:1521/KVO_PDB'
 ""2019-12-18 12:00:52 [restartedMain] INFO  o.h.jpa.internal.util.LogHelper- HHH000204: Processing PersistenceUnitInfo [name: default]
 ""2019-12-18 12:00:53 [restartedMain] INFO  org.hibernate.Version- HHH000412: Hibernate Core {5.4.6.Final}
 ""2019-12-18 12:00:53 [restartedMain] INFO  o.h.annotations.common.Version- HCANN000001: Hibernate Commons Annotations {5.1.0.Final}
 ""2019-12-18 12:00:53 [restartedMain] INFO  org.hibernate.dialect.Dialect- HHH000400: Using dialect: org.hibernate.dialect.Oracle12cDialect
 ""2019-12-18 12:01:03 [restartedMain] INFO  o.h.e.t.j.p.i.JtaPlatformInitiator- HHH000490: Using JtaPlatform implementation: [org.hibernate.engine.transaction.jta.platform.internal.NoJtaPlatform]
 ""2019-12-18 12:01:03 [restartedMain] INFO  o.s.o.j.LocalContainerEntityManagerFactoryBean- Initialized JPA EntityManagerFactory for persistence unit 'default'
 ""2019-12-18 12:01:03 [restartedMain] INFO  o.s.b.d.a.OptionalLiveReloadServer- LiveReload server is running on port 35729
 ""2019-12-18 12:01:04 [restartedMain] WARN  o.s.b.a.o.j.JpaBaseConfiguration$JpaWebConfiguration- spring.jpa.open-in-view is enabled by default. Therefore, database queries may be performed during view rendering. Explicitly configure spring.jpa.open-in-view to disable this warning
 ""2019-12-18 12:01:05 [restartedMain] WARN  o.t.templatemode.TemplateMode- [THYMELEAF][restartedMain] Template Mode 'HTML5' is deprecated. Using Template Mode 'HTML' instead.
 ""2019-12-18 12:01:05 [restartedMain] INFO  o.s.s.c.ThreadPoolTaskExecutor- Initializing ExecutorService 'applicationTaskExecutor'
 ""2019-12-18 12:01:07 [restartedMain] INFO  o.s.b.w.e.tomcat.TomcatWebServer- Tomcat started on port(s): 8080 (http) with context path ''
 ""2019-12-18 12:01:07 [restartedMain] INFO  c.e.javalab.Javalab3Sem2Application- Started Javalab3Sem2Application in 21.212 seconds (JVM running for 23.825)
 ""2019-12-18 12:06:05 [http-nio-8080-exec-1] INFO  o.a.c.c.C.[Tomcat].[localhost].[/]- Initializing Spring DispatcherServlet 'dispatcherServlet'
 ""2019-12-18 12:06:10 [http-nio-8080-exec-6] INFO  o.s.api.AbstractOpenApiResource- Init duration for springdoc-openapi is: 1866 ms
 "