"2019-12-04 11:46:36 [restartedMain] INFO  c.e.javalab.Javalab3Sem2Application- Starting Javalab3Sem2Application on user-VAIO with PID 5612 (started by user in E:\Program Files\JavaLab\javalab3Sem2)
 ""2019-12-04 11:46:36 [restartedMain] INFO  c.e.javalab.Javalab3Sem2Application- No active profile set, falling back to default profiles: default
 ""2019-12-04 11:46:36 [restartedMain] INFO  o.s.b.d.restart.ChangeableUrls- The Class-Path manifest attribute in C:\Users\user\.m2\repository\org\glassfish\jaxb\jaxb-runtime\2.3.2\jaxb-runtime-2.3.2.jar referenced one or more files that do not exist: file:/C:/Users/user/.m2/repository/org/glassfish/jaxb/jaxb-runtime/2.3.2/jakarta.xml.bind-api-2.3.2.jar,file:/C:/Users/user/.m2/repository/org/glassfish/jaxb/jaxb-runtime/2.3.2/txw2-2.3.2.jar,file:/C:/Users/user/.m2/repository/org/glassfish/jaxb/jaxb-runtime/2.3.2/istack-commons-runtime-3.0.8.jar,file:/C:/Users/user/.m2/repository/org/glassfish/jaxb/jaxb-runtime/2.3.2/stax-ex-1.8.1.jar,file:/C:/Users/user/.m2/repository/org/glassfish/jaxb/jaxb-runtime/2.3.2/FastInfoset-1.2.16.jar,file:/C:/Users/user/.m2/repository/org/glassfish/jaxb/jaxb-runtime/2.3.2/jakarta.activation-api-1.2.1.jar
 ""2019-12-04 11:46:36 [restartedMain] INFO  o.s.b.d.e.DevToolsPropertyDefaultsPostProcessor- Devtools property defaults active! Set 'spring.devtools.add-properties' to 'false' to disable
 ""2019-12-04 11:46:36 [restartedMain] INFO  o.s.b.d.e.DevToolsPropertyDefaultsPostProcessor- For additional web related logging consider setting the 'logging.level.web' property to 'DEBUG'
 ""2019-12-04 11:46:37 [restartedMain] INFO  o.s.d.r.c.RepositoryConfigurationDelegate- Bootstrapping Spring Data repositories in DEFAULT mode.
 ""2019-12-04 11:46:37 [restartedMain] INFO  o.s.d.r.c.RepositoryConfigurationDelegate- Finished Spring Data repository scanning in 11ms. Found 0 repository interfaces.
 ""2019-12-04 11:46:37 [restartedMain] INFO  o.s.c.s.PostProcessorRegistrationDelegate$BeanPostProcessorChecker- Bean 'org.springframework.transaction.annotation.ProxyTransactionManagementConfiguration' of type [org.springframework.transaction.annotation.ProxyTransactionManagementConfiguration] is not eligible for getting processed by all BeanPostProcessors (for example: not eligible for auto-proxying)
 ""2019-12-04 11:46:38 [restartedMain] INFO  o.s.b.w.e.tomcat.TomcatWebServer- Tomcat initialized with port(s): 8080 (http)
 ""2019-12-04 11:46:38 [restartedMain] INFO  o.a.catalina.core.StandardService- Starting service [Tomcat]
 ""2019-12-04 11:46:38 [restartedMain] INFO  o.a.catalina.core.StandardEngine- Starting Servlet engine: [Apache Tomcat/9.0.27]
 ""2019-12-04 11:46:38 [restartedMain] INFO  o.a.c.c.C.[Tomcat].[localhost].[/]- Initializing Spring embedded WebApplicationContext
 ""2019-12-04 11:46:38 [restartedMain] INFO  com.zaxxer.hikari.HikariDataSource- HikariPool-1 - Starting...
 ""2019-12-04 11:46:38 [restartedMain] INFO  com.zaxxer.hikari.HikariDataSource- HikariPool-1 - Start completed.
 ""2019-12-04 11:46:38 [restartedMain] INFO  o.s.b.a.h.H2ConsoleAutoConfiguration- H2 console available at '/h2-console'. Database available at 'jdbc:h2:mem:testdb'
 ""2019-12-04 11:46:39 [restartedMain] INFO  o.h.jpa.internal.util.LogHelper- HHH000204: Processing PersistenceUnitInfo [name: default]
 ""2019-12-04 11:46:39 [restartedMain] INFO  org.hibernate.Version- HHH000412: Hibernate Core {5.4.6.Final}
 ""2019-12-04 11:46:39 [restartedMain] INFO  o.h.annotations.common.Version- HCANN000001: Hibernate Commons Annotations {5.1.0.Final}
 ""2019-12-04 11:46:39 [restartedMain] INFO  org.hibernate.dialect.Dialect- HHH000400: Using dialect: org.hibernate.dialect.H2Dialect
 ""2019-12-04 11:46:39 [restartedMain] INFO  o.h.e.t.j.p.i.JtaPlatformInitiator- HHH000490: Using JtaPlatform implementation: [org.hibernate.engine.transaction.jta.platform.internal.NoJtaPlatform]
 ""2019-12-04 11:46:39 [restartedMain] INFO  o.s.o.j.LocalContainerEntityManagerFactoryBean- Initialized JPA EntityManagerFactory for persistence unit 'default'
 ""2019-12-04 11:46:39 [restartedMain] INFO  o.s.b.d.a.OptionalLiveReloadServer- LiveReload server is running on port 35729
 ""2019-12-04 11:46:39 [restartedMain] WARN  o.t.templatemode.TemplateMode- [THYMELEAF][restartedMain] Template Mode 'HTML5' is deprecated. Using Template Mode 'HTML' instead.
 ""2019-12-04 11:46:39 [restartedMain] WARN  o.s.b.a.o.j.JpaBaseConfiguration$JpaWebConfiguration- spring.jpa.open-in-view is enabled by default. Therefore, database queries may be performed during view rendering. Explicitly configure spring.jpa.open-in-view to disable this warning
 ""2019-12-04 11:46:40 [restartedMain] INFO  o.s.s.c.ThreadPoolTaskExecutor- Initializing ExecutorService 'applicationTaskExecutor'
 ""2019-12-04 11:46:40 [restartedMain] INFO  o.s.b.w.e.tomcat.TomcatWebServer- Tomcat started on port(s): 8080 (http) with context path ''
 ""2019-12-04 11:46:40 [restartedMain] INFO  c.e.javalab.Javalab3Sem2Application- Started Javalab3Sem2Application in 4.287 seconds (JVM running for 8.175)
 ""2019-12-04 11:46:53 [http-nio-8080-exec-1] INFO  o.a.c.c.C.[Tomcat].[localhost].[/]- Initializing Spring DispatcherServlet 'dispatcherServlet'
 ""2019-12-04 11:47:34 [http-nio-8080-exec-10] INFO  com.example.javalab.ViewController- Change Worker
 ""2019-12-04 12:01:47 [restartedMain] INFO  c.e.javalab.Javalab3Sem2Application- Starting Javalab3Sem2Application on user-VAIO with PID 8648 (started by user in E:\Program Files\JavaLab\javalab4Sem2)
 ""2019-12-04 12:01:47 [restartedMain] INFO  c.e.javalab.Javalab3Sem2Application- No active profile set, falling back to default profiles: default
 ""2019-12-04 12:01:47 [restartedMain] INFO  o.s.b.d.restart.ChangeableUrls- The Class-Path manifest attribute in C:\Users\user\.m2\repository\org\glassfish\jaxb\jaxb-runtime\2.3.2\jaxb-runtime-2.3.2.jar referenced one or more files that do not exist: file:/C:/Users/user/.m2/repository/org/glassfish/jaxb/jaxb-runtime/2.3.2/jakarta.xml.bind-api-2.3.2.jar,file:/C:/Users/user/.m2/repository/org/glassfish/jaxb/jaxb-runtime/2.3.2/txw2-2.3.2.jar,file:/C:/Users/user/.m2/repository/org/glassfish/jaxb/jaxb-runtime/2.3.2/istack-commons-runtime-3.0.8.jar,file:/C:/Users/user/.m2/repository/org/glassfish/jaxb/jaxb-runtime/2.3.2/stax-ex-1.8.1.jar,file:/C:/Users/user/.m2/repository/org/glassfish/jaxb/jaxb-runtime/2.3.2/FastInfoset-1.2.16.jar,file:/C:/Users/user/.m2/repository/org/glassfish/jaxb/jaxb-runtime/2.3.2/jakarta.activation-api-1.2.1.jar
 ""2019-12-04 12:01:47 [restartedMain] INFO  o.s.b.d.e.DevToolsPropertyDefaultsPostProcessor- Devtools property defaults active! Set 'spring.devtools.add-properties' to 'false' to disable
 ""2019-12-04 12:01:47 [restartedMain] INFO  o.s.b.d.e.DevToolsPropertyDefaultsPostProcessor- For additional web related logging consider setting the 'logging.level.web' property to 'DEBUG'
 ""2019-12-04 12:01:49 [restartedMain] INFO  o.s.d.r.c.RepositoryConfigurationDelegate- Bootstrapping Spring Data repositories in DEFAULT mode.
 ""2019-12-04 12:01:49 [restartedMain] INFO  o.s.d.r.c.RepositoryConfigurationDelegate- Finished Spring Data repository scanning in 76ms. Found 3 repository interfaces.
 ""2019-12-04 12:01:50 [restartedMain] INFO  o.s.c.s.PostProcessorRegistrationDelegate$BeanPostProcessorChecker- Bean 'org.springframework.transaction.annotation.ProxyTransactionManagementConfiguration' of type [org.springframework.transaction.annotation.ProxyTransactionManagementConfiguration] is not eligible for getting processed by all BeanPostProcessors (for example: not eligible for auto-proxying)
 ""2019-12-04 12:01:50 [restartedMain] INFO  o.s.b.w.e.tomcat.TomcatWebServer- Tomcat initialized with port(s): 8080 (http)
 ""2019-12-04 12:01:50 [restartedMain] INFO  o.a.catalina.core.StandardService- Starting service [Tomcat]
 ""2019-12-04 12:01:50 [restartedMain] INFO  o.a.catalina.core.StandardEngine- Starting Servlet engine: [Apache Tomcat/9.0.27]
 ""2019-12-04 12:01:50 [restartedMain] INFO  o.a.c.c.C.[Tomcat].[localhost].[/]- Initializing Spring embedded WebApplicationContext
 ""2019-12-04 12:01:50 [restartedMain] INFO  com.zaxxer.hikari.HikariDataSource- HikariPool-1 - Starting...
 ""2019-12-04 12:01:50 [restartedMain] WARN  c.z.hikari.util.DriverDataSource- Registered driver with driverClassName=oracle.jdbc.driver.OracleDriver was not found, trying direct instantiation.
 ""2019-12-04 12:01:51 [restartedMain] INFO  com.zaxxer.hikari.pool.PoolBase- HikariPool-1 - Driver does not support get/set network timeout for connections. (Receiver class oracle.jdbc.driver.T4CConnection does not define or inherit an implementation of the resolved method abstract getNetworkTimeout()I of interface java.sql.Connection.)
 ""2019-12-04 12:01:51 [restartedMain] INFO  com.zaxxer.hikari.HikariDataSource- HikariPool-1 - Start completed.
 ""2019-12-04 12:01:51 [restartedMain] INFO  o.s.b.a.h.H2ConsoleAutoConfiguration- H2 console available at '/h2-console'. Database available at 'jdbc:oracle:thin:@//localhost:1521/KVO_PDB'
 ""2019-12-04 12:01:51 [restartedMain] INFO  o.h.jpa.internal.util.LogHelper- HHH000204: Processing PersistenceUnitInfo [name: default]
 ""2019-12-04 12:01:51 [restartedMain] INFO  org.hibernate.Version- HHH000412: Hibernate Core {5.4.6.Final}
 ""2019-12-04 12:01:52 [restartedMain] INFO  o.h.annotations.common.Version- HCANN000001: Hibernate Commons Annotations {5.1.0.Final}
 ""2019-12-04 12:01:52 [restartedMain] INFO  org.hibernate.dialect.Dialect- HHH000400: Using dialect: org.hibernate.dialect.Oracle12cDialect
 ""2019-12-04 12:01:53 [restartedMain] INFO  o.h.e.t.j.p.i.JtaPlatformInitiator- HHH000490: Using JtaPlatform implementation: [org.hibernate.engine.transaction.jta.platform.internal.NoJtaPlatform]
 ""2019-12-04 12:01:53 [restartedMain] INFO  o.s.o.j.LocalContainerEntityManagerFactoryBean- Initialized JPA EntityManagerFactory for persistence unit 'default'
 ""2019-12-04 12:01:54 [restartedMain] WARN  o.t.templatemode.TemplateMode- [THYMELEAF][restartedMain] Template Mode 'HTML5' is deprecated. Using Template Mode 'HTML' instead.
 ""2019-12-04 12:01:54 [restartedMain] WARN  o.s.b.a.o.j.JpaBaseConfiguration$JpaWebConfiguration- spring.jpa.open-in-view is enabled by default. Therefore, database queries may be performed during view rendering. Explicitly configure spring.jpa.open-in-view to disable this warning
 ""2019-12-04 12:01:54 [restartedMain] INFO  o.s.s.c.ThreadPoolTaskExecutor- Initializing ExecutorService 'applicationTaskExecutor'
 ""2019-12-04 12:01:54 [restartedMain] INFO  o.s.b.d.a.OptionalLiveReloadServer- LiveReload server is running on port 35729
 ""2019-12-04 12:01:55 [restartedMain] INFO  o.s.b.w.e.tomcat.TomcatWebServer- Tomcat started on port(s): 8080 (http) with context path ''
 ""2019-12-04 12:01:55 [restartedMain] INFO  c.e.javalab.Javalab3Sem2Application- Started Javalab3Sem2Application in 8.836 seconds (JVM running for 10.827)
 ""2019-12-04 12:02:02 [http-nio-8080-exec-1] INFO  o.a.c.c.C.[Tomcat].[localhost].[/]- Initializing Spring DispatcherServlet 'dispatcherServlet'
 ""2019-12-04 12:20:39 [restartedMain] INFO  c.e.javalab.Javalab3Sem2Application- Starting Javalab3Sem2Application on user-VAIO with PID 7608 (started by user in E:\Program Files\JavaLab\javalab3Sem2)
 ""2019-12-04 12:20:39 [restartedMain] INFO  c.e.javalab.Javalab3Sem2Application- No active profile set, falling back to default profiles: default
 ""2019-12-04 12:20:39 [restartedMain] INFO  o.s.b.d.restart.ChangeableUrls- The Class-Path manifest attribute in C:\Users\user\.m2\repository\org\glassfish\jaxb\jaxb-runtime\2.3.2\jaxb-runtime-2.3.2.jar referenced one or more files that do not exist: file:/C:/Users/user/.m2/repository/org/glassfish/jaxb/jaxb-runtime/2.3.2/jakarta.xml.bind-api-2.3.2.jar,file:/C:/Users/user/.m2/repository/org/glassfish/jaxb/jaxb-runtime/2.3.2/txw2-2.3.2.jar,file:/C:/Users/user/.m2/repository/org/glassfish/jaxb/jaxb-runtime/2.3.2/istack-commons-runtime-3.0.8.jar,file:/C:/Users/user/.m2/repository/org/glassfish/jaxb/jaxb-runtime/2.3.2/stax-ex-1.8.1.jar,file:/C:/Users/user/.m2/repository/org/glassfish/jaxb/jaxb-runtime/2.3.2/FastInfoset-1.2.16.jar,file:/C:/Users/user/.m2/repository/org/glassfish/jaxb/jaxb-runtime/2.3.2/jakarta.activation-api-1.2.1.jar
 ""2019-12-04 12:20:39 [restartedMain] INFO  o.s.b.d.e.DevToolsPropertyDefaultsPostProcessor- Devtools property defaults active! Set 'spring.devtools.add-properties' to 'false' to disable
 ""2019-12-04 12:20:39 [restartedMain] INFO  o.s.b.d.e.DevToolsPropertyDefaultsPostProcessor- For additional web related logging consider setting the 'logging.level.web' property to 'DEBUG'
 ""2019-12-04 12:20:40 [restartedMain] INFO  o.s.d.r.c.RepositoryConfigurationDelegate- Bootstrapping Spring Data repositories in DEFAULT mode.
 ""2019-12-04 12:20:40 [restartedMain] INFO  o.s.d.r.c.RepositoryConfigurationDelegate- Finished Spring Data repository scanning in 22ms. Found 0 repository interfaces.
 ""2019-12-04 12:20:41 [restartedMain] INFO  o.s.c.s.PostProcessorRegistrationDelegate$BeanPostProcessorChecker- Bean 'org.springframework.transaction.annotation.ProxyTransactionManagementConfiguration' of type [org.springframework.transaction.annotation.ProxyTransactionManagementConfiguration] is not eligible for getting processed by all BeanPostProcessors (for example: not eligible for auto-proxying)
 ""2019-12-04 12:20:41 [restartedMain] INFO  o.s.b.w.e.tomcat.TomcatWebServer- Tomcat initialized with port(s): 8080 (http)
 ""2019-12-04 12:20:41 [restartedMain] INFO  o.a.catalina.core.StandardService- Starting service [Tomcat]
 ""2019-12-04 12:20:41 [restartedMain] INFO  o.a.catalina.core.StandardEngine- Starting Servlet engine: [Apache Tomcat/9.0.27]
 ""2019-12-04 12:20:41 [restartedMain] INFO  o.a.c.c.C.[Tomcat].[localhost].[/]- Initializing Spring embedded WebApplicationContext
 ""2019-12-04 12:20:41 [restartedMain] INFO  com.zaxxer.hikari.HikariDataSource- HikariPool-1 - Starting...
 ""2019-12-04 12:20:41 [restartedMain] INFO  com.zaxxer.hikari.HikariDataSource- HikariPool-1 - Start completed.
 ""2019-12-04 12:20:41 [restartedMain] INFO  o.s.b.a.h.H2ConsoleAutoConfiguration- H2 console available at '/h2-console'. Database available at 'jdbc:h2:mem:testdb'
 ""2019-12-04 12:20:42 [restartedMain] INFO  o.h.jpa.internal.util.LogHelper- HHH000204: Processing PersistenceUnitInfo [name: default]
 ""2019-12-04 12:20:42 [restartedMain] INFO  org.hibernate.Version- HHH000412: Hibernate Core {5.4.6.Final}
 ""2019-12-04 12:20:42 [restartedMain] INFO  o.h.annotations.common.Version- HCANN000001: Hibernate Commons Annotations {5.1.0.Final}
 ""2019-12-04 12:20:42 [restartedMain] INFO  org.hibernate.dialect.Dialect- HHH000400: Using dialect: org.hibernate.dialect.H2Dialect
 ""2019-12-04 12:20:42 [restartedMain] INFO  o.h.e.t.j.p.i.JtaPlatformInitiator- HHH000490: Using JtaPlatform implementation: [org.hibernate.engine.transaction.jta.platform.internal.NoJtaPlatform]
 ""2019-12-04 12:20:42 [restartedMain] INFO  o.s.o.j.LocalContainerEntityManagerFactoryBean- Initialized JPA EntityManagerFactory for persistence unit 'default'
 ""2019-12-04 12:20:42 [restartedMain] INFO  o.s.b.d.a.OptionalLiveReloadServer- LiveReload server is running on port 35729
 ""2019-12-04 12:20:42 [restartedMain] WARN  o.t.templatemode.TemplateMode- [THYMELEAF][restartedMain] Template Mode 'HTML5' is deprecated. Using Template Mode 'HTML' instead.
 ""2019-12-04 12:20:42 [restartedMain] WARN  o.s.b.a.o.j.JpaBaseConfiguration$JpaWebConfiguration- spring.jpa.open-in-view is enabled by default. Therefore, database queries may be performed during view rendering. Explicitly configure spring.jpa.open-in-view to disable this warning
 ""2019-12-04 12:20:42 [restartedMain] INFO  o.s.s.c.ThreadPoolTaskExecutor- Initializing ExecutorService 'applicationTaskExecutor'
 ""2019-12-04 12:20:43 [restartedMain] INFO  o.s.b.w.e.tomcat.TomcatWebServer- Tomcat started on port(s): 8080 (http) with context path ''
 ""2019-12-04 12:20:43 [restartedMain] INFO  c.e.javalab.Javalab3Sem2Application- Started Javalab3Sem2Application in 4.45 seconds (JVM running for 8.148)
 ""2019-12-04 12:28:14 [http-nio-8080-exec-1] INFO  o.a.c.c.C.[Tomcat].[localhost].[/]- Initializing Spring DispatcherServlet 'dispatcherServlet'
 ""2019-12-04 13:00:25 [restartedMain] INFO  c.e.javalab.Javalab3Sem2Application- Starting Javalab3Sem2Application on user-VAIO with PID 9612 (started by user in E:\Program Files\JavaLab\javalab3Sem2)
 ""2019-12-04 13:00:25 [restartedMain] INFO  c.e.javalab.Javalab3Sem2Application- No active profile set, falling back to default profiles: default
 ""2019-12-04 13:00:26 [restartedMain] INFO  o.s.b.d.restart.ChangeableUrls- The Class-Path manifest attribute in C:\Users\user\.m2\repository\org\glassfish\jaxb\jaxb-runtime\2.3.2\jaxb-runtime-2.3.2.jar referenced one or more files that do not exist: file:/C:/Users/user/.m2/repository/org/glassfish/jaxb/jaxb-runtime/2.3.2/jakarta.xml.bind-api-2.3.2.jar,file:/C:/Users/user/.m2/repository/org/glassfish/jaxb/jaxb-runtime/2.3.2/txw2-2.3.2.jar,file:/C:/Users/user/.m2/repository/org/glassfish/jaxb/jaxb-runtime/2.3.2/istack-commons-runtime-3.0.8.jar,file:/C:/Users/user/.m2/repository/org/glassfish/jaxb/jaxb-runtime/2.3.2/stax-ex-1.8.1.jar,file:/C:/Users/user/.m2/repository/org/glassfish/jaxb/jaxb-runtime/2.3.2/FastInfoset-1.2.16.jar,file:/C:/Users/user/.m2/repository/org/glassfish/jaxb/jaxb-runtime/2.3.2/jakarta.activation-api-1.2.1.jar
 ""2019-12-04 13:00:26 [restartedMain] INFO  o.s.b.d.e.DevToolsPropertyDefaultsPostProcessor- Devtools property defaults active! Set 'spring.devtools.add-properties' to 'false' to disable
 ""2019-12-04 13:00:26 [restartedMain] INFO  o.s.b.d.e.DevToolsPropertyDefaultsPostProcessor- For additional web related logging consider setting the 'logging.level.web' property to 'DEBUG'
 ""2019-12-04 13:00:27 [restartedMain] INFO  o.s.d.r.c.RepositoryConfigurationDelegate- Bootstrapping Spring Data repositories in DEFAULT mode.
 ""2019-12-04 13:00:27 [restartedMain] INFO  o.s.d.r.c.RepositoryConfigurationDelegate- Finished Spring Data repository scanning in 11ms. Found 0 repository interfaces.
 ""2019-12-04 13:00:27 [restartedMain] INFO  o.s.c.s.PostProcessorRegistrationDelegate$BeanPostProcessorChecker- Bean 'org.springframework.transaction.annotation.ProxyTransactionManagementConfiguration' of type [org.springframework.transaction.annotation.ProxyTransactionManagementConfiguration] is not eligible for getting processed by all BeanPostProcessors (for example: not eligible for auto-proxying)
 ""2019-12-04 13:00:27 [restartedMain] INFO  o.s.b.w.e.tomcat.TomcatWebServer- Tomcat initialized with port(s): 8080 (http)
 ""2019-12-04 13:00:27 [restartedMain] INFO  o.a.catalina.core.StandardService- Starting service [Tomcat]
 ""2019-12-04 13:00:27 [restartedMain] INFO  o.a.catalina.core.StandardEngine- Starting Servlet engine: [Apache Tomcat/9.0.27]
 ""2019-12-04 13:00:27 [restartedMain] INFO  o.a.c.c.C.[Tomcat].[localhost].[/]- Initializing Spring embedded WebApplicationContext
 ""2019-12-04 13:00:27 [restartedMain] INFO  com.zaxxer.hikari.HikariDataSource- HikariPool-1 - Starting...
 ""2019-12-04 13:00:28 [restartedMain] INFO  com.zaxxer.hikari.HikariDataSource- HikariPool-1 - Start completed.
 ""2019-12-04 13:00:28 [restartedMain] INFO  o.s.b.a.h.H2ConsoleAutoConfiguration- H2 console available at '/h2-console'. Database available at 'jdbc:h2:mem:testdb'
 ""2019-12-04 13:00:28 [restartedMain] INFO  o.h.jpa.internal.util.LogHelper- HHH000204: Processing PersistenceUnitInfo [name: default]
 ""2019-12-04 13:00:28 [restartedMain] INFO  org.hibernate.Version- HHH000412: Hibernate Core {5.4.6.Final}
 ""2019-12-04 13:00:28 [restartedMain] INFO  o.h.annotations.common.Version- HCANN000001: Hibernate Commons Annotations {5.1.0.Final}
 ""2019-12-04 13:00:28 [restartedMain] INFO  org.hibernate.dialect.Dialect- HHH000400: Using dialect: org.hibernate.dialect.H2Dialect
 ""2019-12-04 13:00:28 [restartedMain] INFO  o.h.e.t.j.p.i.JtaPlatformInitiator- HHH000490: Using JtaPlatform implementation: [org.hibernate.engine.transaction.jta.platform.internal.NoJtaPlatform]
 ""2019-12-04 13:00:28 [restartedMain] INFO  o.s.o.j.LocalContainerEntityManagerFactoryBean- Initialized JPA EntityManagerFactory for persistence unit 'default'
 ""2019-12-04 13:00:28 [restartedMain] INFO  o.s.b.d.a.OptionalLiveReloadServer- LiveReload server is running on port 35729
 ""2019-12-04 13:00:28 [restartedMain] WARN  o.t.templatemode.TemplateMode- [THYMELEAF][restartedMain] Template Mode 'HTML5' is deprecated. Using Template Mode 'HTML' instead.
 ""2019-12-04 13:00:28 [restartedMain] WARN  o.s.b.a.o.j.JpaBaseConfiguration$JpaWebConfiguration- spring.jpa.open-in-view is enabled by default. Therefore, database queries may be performed during view rendering. Explicitly configure spring.jpa.open-in-view to disable this warning
 ""2019-12-04 13:00:29 [restartedMain] INFO  o.s.s.c.ThreadPoolTaskExecutor- Initializing ExecutorService 'applicationTaskExecutor'
 ""2019-12-04 13:00:29 [restartedMain] INFO  o.s.b.w.e.tomcat.TomcatWebServer- Tomcat started on port(s): 8080 (http) with context path ''
 ""2019-12-04 13:00:29 [restartedMain] INFO  c.e.javalab.Javalab3Sem2Application- Started Javalab3Sem2Application in 4.418 seconds (JVM running for 7.82)
 ""2019-12-04 13:00:34 [http-nio-8080-exec-1] INFO  o.a.c.c.C.[Tomcat].[localhost].[/]- Initializing Spring DispatcherServlet 'dispatcherServlet'
 "